[ 2015-09-03T08:26:11+08:00 ] ::1 /
INFO: [ app_init ] --START--
INFO: Run Behavior\BuildLiteBehavior [ RunTime:0.000000s ]
INFO: [ app_init ] --END-- [ RunTime:0.026001s ]
INFO: [ app_begin ] --START--
INFO: Run Behavior\ReadHtmlCacheBehavior [ RunTime:0.013001s ]
INFO: [ app_begin ] --END-- [ RunTime:0.013001s ]

[ 2015-09-03T08:26:11+08:00 ] ::1 /index.php/User/login.html
INFO: [ app_init ] --START--
INFO: Run Behavior\BuildLiteBehavior [ RunTime:0.000000s ]
INFO: [ app_init ] --END-- [ RunTime:0.000000s ]
INFO: [ app_begin ] --START--
INFO: Run Behavior\ReadHtmlCacheBehavior [ RunTime:0.001000s ]
INFO: [ app_begin ] --END-- [ RunTime:0.001000s ]
NOTIC: [8] Use of undefined constant fasle - assumed 'fasle' E:\www\pms\Home\Controller\UserController.class.php 第 23 行.
SQL: SHOW COLUMNS FROM `pms_user` [ RunTime:0.1040s ]
SQL: SELECT * FROM `pms_user` WHERE `u_name` = 'admin' LIMIT 1   [ RunTime:0.0190s ]
SQL: UPDATE `pms_user` SET `time_last_login`='1441239971' WHERE `u_name` = 'admin' [ RunTime:0.4440s ]

[ 2015-09-03T08:26:12+08:00 ] ::1 /index.php/Index/index.html
INFO: [ app_init ] --START--
INFO: Run Behavior\BuildLiteBehavior [ RunTime:0.000000s ]
INFO: [ app_init ] --END-- [ RunTime:0.000000s ]
INFO: [ app_begin ] --START--
INFO: Run Behavior\ReadHtmlCacheBehavior [ RunTime:0.000000s ]
INFO: [ app_begin ] --END-- [ RunTime:0.000000s ]
SQL: SHOW COLUMNS FROM `pms_user` [ RunTime:0.0050s ]
SQL: SELECT `u_level` FROM `pms_user` WHERE ( u_name='Admin' ) LIMIT 1   [ RunTime:0.0000s ]
NOTIC: [8] Undefined variable: data E:\www\pms\Home\Controller\UserController.class.php 第 17 行.
INFO: [ view_parse ] --START--
INFO: Run Behavior\ParseTemplateBehavior [ RunTime:0.014001s ]
INFO: [ view_parse ] --END-- [ RunTime:0.014001s ]
INFO: [ view_filter ] --START--
INFO: Run Behavior\WriteHtmlCacheBehavior [ RunTime:0.023001s ]
INFO: [ view_filter ] --END-- [ RunTime:0.023001s ]

[ 2015-09-03T08:26:12+08:00 ] ::1 /index.php/Index/people.html
INFO: [ app_init ] --START--
INFO: Run Behavior\BuildLiteBehavior [ RunTime:0.000000s ]
INFO: [ app_init ] --END-- [ RunTime:0.001000s ]
INFO: [ app_begin ] --START--
INFO: Run Behavior\ReadHtmlCacheBehavior [ RunTime:0.001000s ]
INFO: [ app_begin ] --END-- [ RunTime:0.001000s ]
SQL: SHOW COLUMNS FROM `pms_user` [ RunTime:0.0050s ]
SQL: SELECT `u_level` FROM `pms_user` WHERE ( u_name='Admin' ) LIMIT 1   [ RunTime:0.0000s ]
NOTIC: [8] Undefined variable: data E:\www\pms\Home\Controller\UserController.class.php 第 17 行.
SQL: SHOW COLUMNS FROM `pms_people` [ RunTime:0.0660s ]
SQL: SELECT post_level level,count(1) count FROM `pms_people` GROUP BY post_level ORDER BY post_level desc  [ RunTime:0.0590s ]
SQL: SELECT post_type type,count(1) count FROM `pms_people` GROUP BY post_type  [ RunTime:0.0010s ]
INFO: [ view_parse ] --START--
INFO: [ template_filter ] --START--
INFO: Run Behavior\ContentReplaceBehavior [ RunTime:0.000000s ]
INFO: [ template_filter ] --END-- [ RunTime:0.000000s ]
INFO: Run Behavior\ParseTemplateBehavior [ RunTime:0.141008s ]
INFO: [ view_parse ] --END-- [ RunTime:0.141008s ]
INFO: [ view_filter ] --START--
INFO: Run Behavior\WriteHtmlCacheBehavior [ RunTime:0.000000s ]
INFO: [ view_filter ] --END-- [ RunTime:0.000000s ]
INFO: [ app_end ] --START--
INFO: Run Behavior\ShowPageTraceBehavior [ RunTime:0.029002s ]
INFO: [ app_end ] --END-- [ RunTime:0.029002s ]

[ 2015-09-03T08:26:24+08:00 ] ::1 /index.php/Index/department
INFO: [ app_init ] --START--
INFO: Run Behavior\BuildLiteBehavior [ RunTime:0.000000s ]
INFO: [ app_init ] --END-- [ RunTime:0.000000s ]
INFO: [ app_begin ] --START--
INFO: Run Behavior\ReadHtmlCacheBehavior [ RunTime:0.000000s ]
INFO: [ app_begin ] --END-- [ RunTime:0.000000s ]
ERR: 非法操作:department

[ 2015-09-03T08:26:28+08:00 ] ::1 /index.php/department
INFO: [ app_init ] --START--
INFO: Run Behavior\BuildLiteBehavior [ RunTime:0.000000s ]
INFO: [ app_init ] --END-- [ RunTime:0.000000s ]
INFO: [ app_begin ] --START--
INFO: Run Behavior\ReadHtmlCacheBehavior [ RunTime:0.000000s ]
INFO: [ app_begin ] --END-- [ RunTime:0.000000s ]
SQL: SHOW COLUMNS FROM `pms_user` [ RunTime:0.0050s ]
SQL: SELECT `u_level` FROM `pms_user` WHERE ( u_name='Admin' ) LIMIT 1   [ RunTime:0.0000s ]
NOTIC: [8] Undefined variable: data E:\www\pms\Home\Controller\UserController.class.php 第 17 行.
SQL: SHOW COLUMNS FROM `pms_department` [ RunTime:0.0520s ]
SQL: SELECT * FROM `pms_department` ORDER BY dm_sort  [ RunTime:0.0020s ]
INFO: [ app_end ] --START--
INFO: Run Behavior\ShowPageTraceBehavior [ RunTime:0.001000s ]
INFO: [ app_end ] --END-- [ RunTime:0.001000s ]

