[ 2015-08-30T22:04:20+08:00 ] ::1 /index.php/index/people
INFO: [ app_init ] --START--
INFO: Run Behavior\BuildLiteBehavior [ RunTime:0.000000s ]
INFO: [ app_init ] --END-- [ RunTime:0.000000s ]
INFO: [ app_begin ] --START--
INFO: Run Behavior\ReadHtmlCacheBehavior [ RunTime:0.001000s ]
INFO: [ app_begin ] --END-- [ RunTime:0.001000s ]
ERR: 非法操作:people

[ 2015-08-30T22:04:43+08:00 ] ::1 /index.php/index/people/3
INFO: [ app_init ] --START--
INFO: Run Behavior\BuildLiteBehavior [ RunTime:0.000000s ]
INFO: [ app_init ] --END-- [ RunTime:0.000000s ]
INFO: [ app_begin ] --START--
INFO: Run Behavior\ReadHtmlCacheBehavior [ RunTime:0.000000s ]
INFO: [ app_begin ] --END-- [ RunTime:0.000000s ]
ERR: 非法操作:people

[ 2015-08-30T22:04:46+08:00 ] ::1 /index.php/index/123
INFO: [ app_init ] --START--
INFO: Run Behavior\BuildLiteBehavior [ RunTime:0.000000s ]
INFO: [ app_init ] --END-- [ RunTime:0.000000s ]
INFO: [ app_begin ] --START--
INFO: Run Behavior\ReadHtmlCacheBehavior [ RunTime:0.000000s ]
INFO: [ app_begin ] --END-- [ RunTime:0.000000s ]
ERR: 非法操作:123

[ 2015-08-30T22:05:18+08:00 ] ::1 /index.php/index/123
INFO: [ app_init ] --START--
INFO: Run Behavior\BuildLiteBehavior [ RunTime:0.000000s ]
INFO: [ app_init ] --END-- [ RunTime:0.000000s ]
INFO: [ app_begin ] --START--
INFO: Run Behavior\ReadHtmlCacheBehavior [ RunTime:0.000000s ]
INFO: [ app_begin ] --END-- [ RunTime:0.000000s ]
ERR: 非法操作:123

[ 2015-08-30T22:05:23+08:00 ] ::1 /index.php/index/people
INFO: [ app_init ] --START--
INFO: Run Behavior\BuildLiteBehavior [ RunTime:0.000000s ]
INFO: [ app_init ] --END-- [ RunTime:0.000000s ]
INFO: [ app_begin ] --START--
INFO: Run Behavior\ReadHtmlCacheBehavior [ RunTime:0.000000s ]
INFO: [ app_begin ] --END-- [ RunTime:0.000000s ]
SQL: SHOW COLUMNS FROM `pms_people` [ RunTime:0.0166s ]
SQL: SELECT post_level level,count(1) count FROM `pms_people` GROUP BY post_level ORDER BY post_level desc  [ RunTime:0.0010s ]
SQL: SELECT post_type type,count(1) count FROM `pms_people` GROUP BY post_type  [ RunTime:0.0000s ]
INFO: [ view_parse ] --START--
INFO: [ template_filter ] --START--
INFO: Run Behavior\ContentReplaceBehavior [ RunTime:0.000000s ]
INFO: [ template_filter ] --END-- [ RunTime:0.000000s ]
INFO: Run Behavior\ParseTemplateBehavior [ RunTime:0.006000s ]
INFO: [ view_parse ] --END-- [ RunTime:0.006000s ]
INFO: [ view_filter ] --START--
INFO: Run Behavior\WriteHtmlCacheBehavior [ RunTime:0.001000s ]
INFO: [ view_filter ] --END-- [ RunTime:0.001000s ]
INFO: [ app_end ] --START--
INFO: Run Behavior\ShowPageTraceBehavior [ RunTime:0.000000s ]
INFO: [ app_end ] --END-- [ RunTime:0.000000s ]

[ 2015-08-30T22:05:45+08:00 ] ::1 /index.php/index/people
INFO: [ app_init ] --START--
INFO: Run Behavior\BuildLiteBehavior [ RunTime:0.000000s ]
INFO: [ app_init ] --END-- [ RunTime:0.001000s ]
INFO: [ app_begin ] --START--
INFO: Run Behavior\ReadHtmlCacheBehavior [ RunTime:0.001000s ]
INFO: [ app_begin ] --END-- [ RunTime:0.001000s ]
SQL: SHOW COLUMNS FROM `pms_people` [ RunTime:0.0050s ]
SQL: SELECT post_level level,count(1) count FROM `pms_people` GROUP BY post_level ORDER BY post_level desc  [ RunTime:0.0010s ]
SQL: SELECT post_type type,count(1) count FROM `pms_people` GROUP BY post_type  [ RunTime:0.0010s ]
INFO: [ view_parse ] --START--
INFO: [ template_filter ] --START--
INFO: Run Behavior\ContentReplaceBehavior [ RunTime:0.000000s ]
INFO: [ template_filter ] --END-- [ RunTime:0.000000s ]
INFO: Run Behavior\ParseTemplateBehavior [ RunTime:0.006001s ]
INFO: [ view_parse ] --END-- [ RunTime:0.007001s ]
INFO: [ view_filter ] --START--
INFO: Run Behavior\WriteHtmlCacheBehavior [ RunTime:0.000000s ]
INFO: [ view_filter ] --END-- [ RunTime:0.000000s ]
INFO: [ app_end ] --START--
INFO: Run Behavior\ShowPageTraceBehavior [ RunTime:0.000000s ]
INFO: [ app_end ] --END-- [ RunTime:0.000000s ]

[ 2015-08-30T22:06:07+08:00 ] ::1 /index.php/index/people
INFO: [ app_init ] --START--
INFO: Run Behavior\BuildLiteBehavior [ RunTime:0.000000s ]
INFO: [ app_init ] --END-- [ RunTime:0.000000s ]
INFO: [ app_begin ] --START--
INFO: Run Behavior\ReadHtmlCacheBehavior [ RunTime:0.000000s ]
INFO: [ app_begin ] --END-- [ RunTime:0.000000s ]
SQL: SHOW COLUMNS FROM `pms_user` [ RunTime:0.0060s ]
SQL: SELECT `u_level` FROM `pms_user` WHERE ( u_name='Admin' ) LIMIT 1   [ RunTime:0.0000s ]
NOTIC: [8] Undefined variable: data E:\www\pms\Home\Controller\UserController.class.php 第 17 行.
SQL: SHOW COLUMNS FROM `pms_people` [ RunTime:0.0050s ]
SQL: SELECT post_level level,count(1) count FROM `pms_people` GROUP BY post_level ORDER BY post_level desc  [ RunTime:0.0010s ]
SQL: SELECT post_type type,count(1) count FROM `pms_people` GROUP BY post_type  [ RunTime:0.0010s ]
INFO: [ view_parse ] --START--
INFO: [ template_filter ] --START--
INFO: Run Behavior\ContentReplaceBehavior [ RunTime:0.000000s ]
INFO: [ template_filter ] --END-- [ RunTime:0.000000s ]
INFO: Run Behavior\ParseTemplateBehavior [ RunTime:0.007000s ]
INFO: [ view_parse ] --END-- [ RunTime:0.007000s ]
INFO: [ view_filter ] --START--
INFO: Run Behavior\WriteHtmlCacheBehavior [ RunTime:0.001000s ]
INFO: [ view_filter ] --END-- [ RunTime:0.001000s ]
INFO: [ app_end ] --START--
INFO: Run Behavior\ShowPageTraceBehavior [ RunTime:0.000000s ]
INFO: [ app_end ] --END-- [ RunTime:0.000000s ]

[ 2015-08-30T22:06:50+08:00 ] ::1 /index.php/index/people
INFO: [ app_init ] --START--
INFO: Run Behavior\BuildLiteBehavior [ RunTime:0.001000s ]
INFO: [ app_init ] --END-- [ RunTime:0.001000s ]
INFO: [ app_begin ] --START--
INFO: Run Behavior\ReadHtmlCacheBehavior [ RunTime:0.001000s ]
INFO: [ app_begin ] --END-- [ RunTime:0.001000s ]
SQL: SHOW COLUMNS FROM `pms_user` [ RunTime:0.0060s ]
SQL: SELECT `u_level` FROM `pms_user` WHERE ( u_name='Admin' ) LIMIT 1   [ RunTime:0.0000s ]
NOTIC: [8] Undefined variable: data E:\www\pms\Home\Controller\UserController.class.php 第 17 行.
SQL: SHOW COLUMNS FROM `pms_people` [ RunTime:0.0050s ]
SQL: SELECT post_level level,count(1) count FROM `pms_people` GROUP BY post_level ORDER BY post_level desc  [ RunTime:0.0010s ]
SQL: SELECT post_type type,count(1) count FROM `pms_people` GROUP BY post_type  [ RunTime:0.0010s ]
INFO: [ view_parse ] --START--
INFO: [ template_filter ] --START--
INFO: Run Behavior\ContentReplaceBehavior [ RunTime:0.000000s ]
INFO: [ template_filter ] --END-- [ RunTime:0.000000s ]
INFO: Run Behavior\ParseTemplateBehavior [ RunTime:0.006001s ]
INFO: [ view_parse ] --END-- [ RunTime:0.006001s ]
INFO: [ view_filter ] --START--
INFO: Run Behavior\WriteHtmlCacheBehavior [ RunTime:0.000000s ]
INFO: [ view_filter ] --END-- [ RunTime:0.000000s ]
INFO: [ app_end ] --START--
INFO: Run Behavior\ShowPageTraceBehavior [ RunTime:0.000000s ]
INFO: [ app_end ] --END-- [ RunTime:0.001000s ]

[ 2015-08-30T22:08:38+08:00 ] ::1 /
INFO: [ app_init ] --START--
INFO: Run Behavior\BuildLiteBehavior [ RunTime:0.000000s ]
INFO: [ app_init ] --END-- [ RunTime:0.000000s ]
INFO: [ app_begin ] --START--
INFO: Run Behavior\ReadHtmlCacheBehavior [ RunTime:0.000000s ]
INFO: [ app_begin ] --END-- [ RunTime:0.000000s ]
SQL: SHOW COLUMNS FROM `pms_user` [ RunTime:0.0060s ]
SQL: SELECT `u_level` FROM `pms_user` WHERE ( u_name='Admin' ) LIMIT 1   [ RunTime:0.0000s ]
NOTIC: [8] Undefined variable: data E:\www\pms\Home\Controller\UserController.class.php 第 17 行.
INFO: [ view_parse ] --START--
INFO: [ template_filter ] --START--
INFO: Run Behavior\ContentReplaceBehavior [ RunTime:0.000000s ]
INFO: [ template_filter ] --END-- [ RunTime:0.000000s ]
INFO: Run Behavior\ParseTemplateBehavior [ RunTime:0.005000s ]
INFO: [ view_parse ] --END-- [ RunTime:0.005000s ]
INFO: [ view_filter ] --START--
INFO: Run Behavior\WriteHtmlCacheBehavior [ RunTime:0.001001s ]
INFO: [ view_filter ] --END-- [ RunTime:0.001001s ]
INFO: [ app_end ] --START--
INFO: Run Behavior\ShowPageTraceBehavior [ RunTime:0.000000s ]
INFO: [ app_end ] --END-- [ RunTime:0.000000s ]

[ 2015-08-30T22:08:57+08:00 ] ::1 /
INFO: [ app_init ] --START--
INFO: Run Behavior\BuildLiteBehavior [ RunTime:0.000000s ]
INFO: [ app_init ] --END-- [ RunTime:0.000000s ]
INFO: [ app_begin ] --START--
INFO: Run Behavior\ReadHtmlCacheBehavior [ RunTime:0.000000s ]
INFO: [ app_begin ] --END-- [ RunTime:0.000000s ]
SQL: SHOW COLUMNS FROM `pms_user` [ RunTime:0.0000s ]
SQL: SELECT `u_level` FROM `pms_user` WHERE ( u_name='Admin' ) LIMIT 1   [ RunTime:0.0000s ]
NOTIC: [8] Undefined variable: data E:\www\pms\Home\Controller\UserController.class.php 第 17 行.
INFO: [ view_parse ] --START--
INFO: Run Behavior\ParseTemplateBehavior [ RunTime:0.000000s ]
INFO: [ view_parse ] --END-- [ RunTime:0.000000s ]
INFO: [ view_filter ] --START--
INFO: Run Behavior\WriteHtmlCacheBehavior [ RunTime:0.000000s ]
INFO: [ view_filter ] --END-- [ RunTime:0.000000s ]

[ 2015-08-30T22:08:57+08:00 ] ::1 /index.php/Index/people.html
INFO: [ app_init ] --START--
INFO: Run Behavior\BuildLiteBehavior [ RunTime:0.000000s ]
INFO: [ app_init ] --END-- [ RunTime:0.000000s ]
INFO: [ app_begin ] --START--
INFO: Run Behavior\ReadHtmlCacheBehavior [ RunTime:0.001000s ]
INFO: [ app_begin ] --END-- [ RunTime:0.001000s ]
SQL: SHOW COLUMNS FROM `pms_user` [ RunTime:0.0060s ]
SQL: SELECT `u_level` FROM `pms_user` WHERE ( u_name='Admin' ) LIMIT 1   [ RunTime:0.0000s ]
NOTIC: [8] Undefined variable: data E:\www\pms\Home\Controller\UserController.class.php 第 17 行.
SQL: SHOW COLUMNS FROM `pms_people` [ RunTime:0.0060s ]
SQL: SELECT post_level level,count(1) count FROM `pms_people` GROUP BY post_level ORDER BY post_level desc  [ RunTime:0.0010s ]
SQL: SELECT post_type type,count(1) count FROM `pms_people` GROUP BY post_type  [ RunTime:0.0010s ]
INFO: [ view_parse ] --START--
INFO: [ template_filter ] --START--
INFO: Run Behavior\ContentReplaceBehavior [ RunTime:0.000000s ]
INFO: [ template_filter ] --END-- [ RunTime:0.000000s ]
INFO: Run Behavior\ParseTemplateBehavior [ RunTime:0.006001s ]
INFO: [ view_parse ] --END-- [ RunTime:0.006001s ]
INFO: [ view_filter ] --START--
INFO: Run Behavior\WriteHtmlCacheBehavior [ RunTime:0.000000s ]
INFO: [ view_filter ] --END-- [ RunTime:0.000000s ]
INFO: [ app_end ] --START--
INFO: Run Behavior\ShowPageTraceBehavior [ RunTime:0.001000s ]
INFO: [ app_end ] --END-- [ RunTime:0.001000s ]

[ 2015-08-30T22:09:00+08:00 ] ::1 /index.php/Index/index.php/index/people.html
INFO: [ app_init ] --START--
INFO: Run Behavior\BuildLiteBehavior [ RunTime:0.000000s ]
INFO: [ app_init ] --END-- [ RunTime:0.001000s ]
INFO: [ app_begin ] --START--
INFO: Run Behavior\ReadHtmlCacheBehavior [ RunTime:0.001000s ]
INFO: [ app_begin ] --END-- [ RunTime:0.001000s ]
ERR: 非法操作:index.php

[ 2015-08-30T22:09:17+08:00 ] ::1 /index.php/Index/index.php/index/people.html
INFO: [ app_init ] --START--
INFO: Run Behavior\BuildLiteBehavior [ RunTime:0.000000s ]
INFO: [ app_init ] --END-- [ RunTime:0.000000s ]
INFO: [ app_begin ] --START--
INFO: Run Behavior\ReadHtmlCacheBehavior [ RunTime:0.000000s ]
INFO: [ app_begin ] --END-- [ RunTime:0.000000s ]
ERR: 非法操作:index.php

[ 2015-08-30T22:09:19+08:00 ] ::1 /index.php/Index/people.html
INFO: [ app_init ] --START--
INFO: Run Behavior\BuildLiteBehavior [ RunTime:0.000000s ]
INFO: [ app_init ] --END-- [ RunTime:0.000000s ]
INFO: [ app_begin ] --START--
INFO: Run Behavior\ReadHtmlCacheBehavior [ RunTime:0.000000s ]
INFO: [ app_begin ] --END-- [ RunTime:0.000000s ]
SQL: SHOW COLUMNS FROM `pms_user` [ RunTime:0.0000s ]
SQL: SELECT `u_level` FROM `pms_user` WHERE ( u_name='Admin' ) LIMIT 1   [ RunTime:0.0000s ]
NOTIC: [8] Undefined variable: data E:\www\pms\Home\Controller\UserController.class.php 第 17 行.
SQL: SHOW COLUMNS FROM `pms_people` [ RunTime:0.0186s ]
SQL: SELECT post_level level,count(1) count FROM `pms_people` GROUP BY post_level ORDER BY post_level desc  [ RunTime:0.0010s ]
SQL: SELECT post_type type,count(1) count FROM `pms_people` GROUP BY post_type  [ RunTime:0.0010s ]
INFO: [ view_parse ] --START--
INFO: [ template_filter ] --START--
INFO: Run Behavior\ContentReplaceBehavior [ RunTime:0.000000s ]
INFO: [ template_filter ] --END-- [ RunTime:0.000000s ]
INFO: Run Behavior\ParseTemplateBehavior [ RunTime:0.006000s ]
INFO: [ view_parse ] --END-- [ RunTime:0.006000s ]
INFO: [ view_filter ] --START--
INFO: Run Behavior\WriteHtmlCacheBehavior [ RunTime:0.000000s ]
INFO: [ view_filter ] --END-- [ RunTime:0.000000s ]
INFO: [ app_end ] --START--
INFO: Run Behavior\ShowPageTraceBehavior [ RunTime:0.001000s ]
INFO: [ app_end ] --END-- [ RunTime:0.001000s ]

[ 2015-08-30T22:09:20+08:00 ] ::1 /index.php/index/people.html
INFO: [ app_init ] --START--
INFO: Run Behavior\BuildLiteBehavior [ RunTime:0.000000s ]
INFO: [ app_init ] --END-- [ RunTime:0.000000s ]
INFO: [ app_begin ] --START--
INFO: Run Behavior\ReadHtmlCacheBehavior [ RunTime:0.000000s ]
INFO: [ app_begin ] --END-- [ RunTime:0.000000s ]
SQL: SHOW COLUMNS FROM `pms_user` [ RunTime:0.0060s ]
SQL: SELECT `u_level` FROM `pms_user` WHERE ( u_name='Admin' ) LIMIT 1   [ RunTime:0.0010s ]
NOTIC: [8] Undefined variable: data E:\www\pms\Home\Controller\UserController.class.php 第 17 行.
SQL: SHOW COLUMNS FROM `pms_people` [ RunTime:0.0050s ]
SQL: SELECT post_level level,count(1) count FROM `pms_people` GROUP BY post_level ORDER BY post_level desc  [ RunTime:0.0010s ]
SQL: SELECT post_type type,count(1) count FROM `pms_people` GROUP BY post_type  [ RunTime:0.0010s ]
INFO: [ view_parse ] --START--
INFO: [ template_filter ] --START--
INFO: Run Behavior\ContentReplaceBehavior [ RunTime:0.000000s ]
INFO: [ template_filter ] --END-- [ RunTime:0.000000s ]
INFO: Run Behavior\ParseTemplateBehavior [ RunTime:0.007000s ]
INFO: [ view_parse ] --END-- [ RunTime:0.007000s ]
INFO: [ view_filter ] --START--
INFO: Run Behavior\WriteHtmlCacheBehavior [ RunTime:0.001000s ]
INFO: [ view_filter ] --END-- [ RunTime:0.001000s ]
INFO: [ app_end ] --START--
INFO: Run Behavior\ShowPageTraceBehavior [ RunTime:0.000000s ]
INFO: [ app_end ] --END-- [ RunTime:0.000000s ]

[ 2015-08-30T22:09:20+08:00 ] ::1 /index.php/index/people.html
INFO: [ app_init ] --START--
INFO: Run Behavior\BuildLiteBehavior [ RunTime:0.000000s ]
INFO: [ app_init ] --END-- [ RunTime:0.000000s ]
INFO: [ app_begin ] --START--
INFO: Run Behavior\ReadHtmlCacheBehavior [ RunTime:0.000000s ]
INFO: [ app_begin ] --END-- [ RunTime:0.000000s ]
SQL: SHOW COLUMNS FROM `pms_user` [ RunTime:0.0060s ]
SQL: SELECT `u_level` FROM `pms_user` WHERE ( u_name='Admin' ) LIMIT 1   [ RunTime:0.0000s ]
NOTIC: [8] Undefined variable: data E:\www\pms\Home\Controller\UserController.class.php 第 17 行.
SQL: SHOW COLUMNS FROM `pms_people` [ RunTime:0.0060s ]
SQL: SELECT post_level level,count(1) count FROM `pms_people` GROUP BY post_level ORDER BY post_level desc  [ RunTime:0.0010s ]
SQL: SELECT post_type type,count(1) count FROM `pms_people` GROUP BY post_type  [ RunTime:0.0010s ]
INFO: [ view_parse ] --START--
INFO: [ template_filter ] --START--
INFO: Run Behavior\ContentReplaceBehavior [ RunTime:0.000000s ]
INFO: [ template_filter ] --END-- [ RunTime:0.000000s ]
INFO: Run Behavior\ParseTemplateBehavior [ RunTime:0.006000s ]
INFO: [ view_parse ] --END-- [ RunTime:0.006000s ]
INFO: [ view_filter ] --START--
INFO: Run Behavior\WriteHtmlCacheBehavior [ RunTime:0.000000s ]
INFO: [ view_filter ] --END-- [ RunTime:0.000000s ]
INFO: [ app_end ] --START--
INFO: Run Behavior\ShowPageTraceBehavior [ RunTime:0.001000s ]
INFO: [ app_end ] --END-- [ RunTime:0.001000s ]

[ 2015-08-30T22:09:22+08:00 ] ::1 /index.php/index/people.html
INFO: [ app_init ] --START--
INFO: Run Behavior\BuildLiteBehavior [ RunTime:0.000000s ]
INFO: [ app_init ] --END-- [ RunTime:0.000000s ]
INFO: [ app_begin ] --START--
INFO: Run Behavior\ReadHtmlCacheBehavior [ RunTime:0.000000s ]
INFO: [ app_begin ] --END-- [ RunTime:0.000000s ]
SQL: SHOW COLUMNS FROM `pms_user` [ RunTime:0.0050s ]
SQL: SELECT `u_level` FROM `pms_user` WHERE ( u_name='Admin' ) LIMIT 1   [ RunTime:0.0010s ]
NOTIC: [8] Undefined variable: data E:\www\pms\Home\Controller\UserController.class.php 第 17 行.
SQL: SHOW COLUMNS FROM `pms_people` [ RunTime:0.0060s ]
SQL: SELECT post_level level,count(1) count FROM `pms_people` GROUP BY post_level ORDER BY post_level desc  [ RunTime:0.0010s ]
SQL: SELECT post_type type,count(1) count FROM `pms_people` GROUP BY post_type  [ RunTime:0.0010s ]
INFO: [ view_parse ] --START--
INFO: [ template_filter ] --START--
INFO: Run Behavior\ContentReplaceBehavior [ RunTime:0.000000s ]
INFO: [ template_filter ] --END-- [ RunTime:0.000000s ]
INFO: Run Behavior\ParseTemplateBehavior [ RunTime:0.007001s ]
INFO: [ view_parse ] --END-- [ RunTime:0.007001s ]
INFO: [ view_filter ] --START--
INFO: Run Behavior\WriteHtmlCacheBehavior [ RunTime:0.000000s ]
INFO: [ view_filter ] --END-- [ RunTime:0.000000s ]
INFO: [ app_end ] --START--
INFO: Run Behavior\ShowPageTraceBehavior [ RunTime:0.001000s ]
INFO: [ app_end ] --END-- [ RunTime:0.001000s ]

[ 2015-08-30T22:16:59+08:00 ] ::1 /
INFO: [ app_init ] --START--
INFO: Run Behavior\BuildLiteBehavior [ RunTime:0.000000s ]
INFO: [ app_init ] --END-- [ RunTime:0.001000s ]
INFO: [ app_begin ] --START--
INFO: Run Behavior\ReadHtmlCacheBehavior [ RunTime:0.000000s ]
INFO: [ app_begin ] --END-- [ RunTime:0.000000s ]

[ 2015-08-30T22:16:59+08:00 ] ::1 /index.php/User/login.html
INFO: [ app_init ] --START--
INFO: Run Behavior\BuildLiteBehavior [ RunTime:0.000000s ]
INFO: [ app_init ] --END-- [ RunTime:0.001000s ]
INFO: [ app_begin ] --START--
INFO: Run Behavior\ReadHtmlCacheBehavior [ RunTime:0.001000s ]
INFO: [ app_begin ] --END-- [ RunTime:0.001000s ]
NOTIC: [8] Use of undefined constant fasle - assumed 'fasle' E:\www\pms\Home\Controller\UserController.class.php 第 23 行.
SQL: SHOW COLUMNS FROM `pms_user` [ RunTime:0.0050s ]
SQL: SELECT * FROM `pms_user` WHERE `u_name` = 'admin' LIMIT 1   [ RunTime:0.0000s ]
SQL: UPDATE `pms_user` SET `time_last_login`='1440944219' WHERE `u_name` = 'admin' [ RunTime:0.0230s ]

[ 2015-08-30T22:16:59+08:00 ] ::1 /index.php/Index/index.html
INFO: [ app_init ] --START--
INFO: Run Behavior\BuildLiteBehavior [ RunTime:0.000000s ]
INFO: [ app_init ] --END-- [ RunTime:0.000000s ]
INFO: [ app_begin ] --START--
INFO: Run Behavior\ReadHtmlCacheBehavior [ RunTime:0.000000s ]
INFO: [ app_begin ] --END-- [ RunTime:0.000000s ]
SQL: SHOW COLUMNS FROM `pms_user` [ RunTime:0.0060s ]
SQL: SELECT `u_level` FROM `pms_user` WHERE ( u_name='Admin' ) LIMIT 1   [ RunTime:0.0000s ]
NOTIC: [8] Undefined variable: data E:\www\pms\Home\Controller\UserController.class.php 第 17 行.
INFO: [ view_parse ] --START--
INFO: Run Behavior\ParseTemplateBehavior [ RunTime:0.001000s ]
INFO: [ view_parse ] --END-- [ RunTime:0.001000s ]
INFO: [ view_filter ] --START--
INFO: Run Behavior\WriteHtmlCacheBehavior [ RunTime:0.000000s ]
INFO: [ view_filter ] --END-- [ RunTime:0.000000s ]

[ 2015-08-30T22:16:59+08:00 ] ::1 /index.php/Index/people.html
INFO: [ app_init ] --START--
INFO: Run Behavior\BuildLiteBehavior [ RunTime:0.000000s ]
INFO: [ app_init ] --END-- [ RunTime:0.001000s ]
INFO: [ app_begin ] --START--
INFO: Run Behavior\ReadHtmlCacheBehavior [ RunTime:0.001000s ]
INFO: [ app_begin ] --END-- [ RunTime:0.001000s ]
SQL: SHOW COLUMNS FROM `pms_user` [ RunTime:0.0050s ]
SQL: SELECT `u_level` FROM `pms_user` WHERE ( u_name='Admin' ) LIMIT 1   [ RunTime:0.0000s ]
NOTIC: [8] Undefined variable: data E:\www\pms\Home\Controller\UserController.class.php 第 17 行.
SQL: SHOW COLUMNS FROM `pms_people` [ RunTime:0.0050s ]
SQL: SELECT post_level level,count(1) count FROM `pms_people` GROUP BY post_level ORDER BY post_level desc  [ RunTime:0.0000s ]
SQL: SELECT post_type type,count(1) count FROM `pms_people` GROUP BY post_type  [ RunTime:0.0000s ]
INFO: [ view_parse ] --START--
INFO: [ template_filter ] --START--
INFO: Run Behavior\ContentReplaceBehavior [ RunTime:0.000000s ]
INFO: [ template_filter ] --END-- [ RunTime:0.000000s ]

[ 2015-08-30T22:47:25+08:00 ] ::1 /index.php/Index/people.html
INFO: [ app_init ] --START--
INFO: Run Behavior\BuildLiteBehavior [ RunTime:0.000000s ]
INFO: [ app_init ] --END-- [ RunTime:0.000000s ]
INFO: [ app_begin ] --START--
INFO: Run Behavior\ReadHtmlCacheBehavior [ RunTime:0.000000s ]
INFO: [ app_begin ] --END-- [ RunTime:0.000000s ]
SQL: SHOW COLUMNS FROM `pms_user` [ RunTime:0.0060s ]
SQL: SELECT `u_level` FROM `pms_user` WHERE ( u_name='Admin' ) LIMIT 1   [ RunTime:0.0010s ]
NOTIC: [8] Undefined variable: data E:\www\pms\Home\Controller\UserController.class.php 第 17 行.
SQL: SHOW COLUMNS FROM `pms_people` [ RunTime:0.0070s ]
SQL: SELECT post_level level,count(1) count FROM `pms_people` GROUP BY post_level ORDER BY post_level desc  [ RunTime:0.0010s ]
SQL: SELECT post_type type,count(1) count FROM `pms_people` GROUP BY post_type  [ RunTime:0.0010s ]
INFO: [ view_parse ] --START--
INFO: [ template_filter ] --START--
INFO: Run Behavior\ContentReplaceBehavior [ RunTime:0.000000s ]
INFO: [ template_filter ] --END-- [ RunTime:0.000000s ]

[ 2015-08-30T22:48:33+08:00 ] ::1 /index.php/Index/people.html
INFO: [ app_init ] --START--
INFO: Run Behavior\BuildLiteBehavior [ RunTime:0.000000s ]
INFO: [ app_init ] --END-- [ RunTime:0.000000s ]
INFO: [ app_begin ] --START--
INFO: Run Behavior\ReadHtmlCacheBehavior [ RunTime:0.001000s ]
INFO: [ app_begin ] --END-- [ RunTime:0.001000s ]
SQL: SHOW COLUMNS FROM `pms_user` [ RunTime:0.0060s ]
SQL: SELECT `u_level` FROM `pms_user` WHERE ( u_name='Admin' ) LIMIT 1   [ RunTime:0.0000s ]
NOTIC: [8] Undefined variable: data E:\www\pms\Home\Controller\UserController.class.php 第 17 行.
SQL: SHOW COLUMNS FROM `pms_people` [ RunTime:0.0050s ]
SQL: SELECT post_level level,count(1) count FROM `pms_people` GROUP BY post_level ORDER BY post_level desc  [ RunTime:0.0010s ]
SQL: SELECT post_type type,count(1) count FROM `pms_people` GROUP BY post_type  [ RunTime:0.0010s ]
INFO: [ view_parse ] --START--
INFO: [ template_filter ] --START--
INFO: Run Behavior\ContentReplaceBehavior [ RunTime:0.000000s ]
INFO: [ template_filter ] --END-- [ RunTime:0.000000s ]

[ 2015-08-30T22:48:35+08:00 ] ::1 /index.php/Index/people.html
INFO: [ app_init ] --START--
INFO: Run Behavior\BuildLiteBehavior [ RunTime:0.000000s ]
INFO: [ app_init ] --END-- [ RunTime:0.000000s ]
INFO: [ app_begin ] --START--
INFO: Run Behavior\ReadHtmlCacheBehavior [ RunTime:0.000000s ]
INFO: [ app_begin ] --END-- [ RunTime:0.000000s ]
SQL: SHOW COLUMNS FROM `pms_user` [ RunTime:0.0050s ]
SQL: SELECT `u_level` FROM `pms_user` WHERE ( u_name='Admin' ) LIMIT 1   [ RunTime:0.0010s ]
NOTIC: [8] Undefined variable: data E:\www\pms\Home\Controller\UserController.class.php 第 17 行.
SQL: SHOW COLUMNS FROM `pms_people` [ RunTime:0.0040s ]
SQL: SELECT post_level level,count(1) count FROM `pms_people` GROUP BY post_level ORDER BY post_level desc  [ RunTime:0.0000s ]
SQL: SELECT post_type type,count(1) count FROM `pms_people` GROUP BY post_type  [ RunTime:0.0000s ]
INFO: [ view_parse ] --START--
INFO: [ template_filter ] --START--
INFO: Run Behavior\ContentReplaceBehavior [ RunTime:0.000000s ]
INFO: [ template_filter ] --END-- [ RunTime:0.000000s ]

[ 2015-08-30T22:48:44+08:00 ] ::1 /index.php/Index/people.html
INFO: [ app_init ] --START--
INFO: Run Behavior\BuildLiteBehavior [ RunTime:0.000000s ]
INFO: [ app_init ] --END-- [ RunTime:0.000000s ]
INFO: [ app_begin ] --START--
INFO: Run Behavior\ReadHtmlCacheBehavior [ RunTime:0.000000s ]
INFO: [ app_begin ] --END-- [ RunTime:0.000000s ]
SQL: SHOW COLUMNS FROM `pms_user` [ RunTime:0.0060s ]
SQL: SELECT `u_level` FROM `pms_user` WHERE ( u_name='Admin' ) LIMIT 1   [ RunTime:0.0000s ]
NOTIC: [8] Undefined variable: data E:\www\pms\Home\Controller\UserController.class.php 第 17 行.
SQL: SHOW COLUMNS FROM `pms_people` [ RunTime:0.0060s ]
SQL: SELECT post_level level,count(1) count FROM `pms_people` GROUP BY post_level ORDER BY post_level desc  [ RunTime:0.0000s ]
SQL: SELECT post_type type,count(1) count FROM `pms_people` GROUP BY post_type  [ RunTime:0.0000s ]
INFO: [ view_parse ] --START--
INFO: [ template_filter ] --START--
INFO: Run Behavior\ContentReplaceBehavior [ RunTime:0.000000s ]
INFO: [ template_filter ] --END-- [ RunTime:0.000000s ]
INFO: Run Behavior\ParseTemplateBehavior [ RunTime:0.006001s ]
INFO: [ view_parse ] --END-- [ RunTime:0.006001s ]
INFO: [ view_filter ] --START--
INFO: Run Behavior\WriteHtmlCacheBehavior [ RunTime:0.000000s ]
INFO: [ view_filter ] --END-- [ RunTime:0.000000s ]
INFO: [ app_end ] --START--
INFO: Run Behavior\ShowPageTraceBehavior [ RunTime:0.001000s ]
INFO: [ app_end ] --END-- [ RunTime:0.001000s ]

