[ 2015-08-05T16:45:30+08:00 ] ::1 /
INFO: [ app_init ] --START--
INFO: Run Behavior\BuildLiteBehavior [ RunTime:0.000000s ]
INFO: [ app_init ] --END-- [ RunTime:0.062500s ]
INFO: [ app_begin ] --START--
INFO: Run Behavior\ReadHtmlCacheBehavior [ RunTime:0.000000s ]
INFO: [ app_begin ] --END-- [ RunTime:0.000000s ]

[ 2015-08-05T16:45:54+08:00 ] ::1 /
INFO: [ app_init ] --START--
INFO: Run Behavior\BuildLiteBehavior [ RunTime:0.000000s ]
INFO: [ app_init ] --END-- [ RunTime:0.000000s ]
INFO: [ app_begin ] --START--
INFO: Run Behavior\ReadHtmlCacheBehavior [ RunTime:0.015625s ]
INFO: [ app_begin ] --END-- [ RunTime:0.015625s ]
INFO: [ view_parse ] --START--
INFO: [ template_filter ] --START--
INFO: Run Behavior\ContentReplaceBehavior [ RunTime:0.000000s ]
INFO: [ template_filter ] --END-- [ RunTime:0.000000s ]
INFO: Run Behavior\ParseTemplateBehavior [ RunTime:0.046875s ]
INFO: [ view_parse ] --END-- [ RunTime:0.046875s ]
INFO: [ view_filter ] --START--
INFO: Run Behavior\WriteHtmlCacheBehavior [ RunTime:0.015625s ]
INFO: [ view_filter ] --END-- [ RunTime:0.015625s ]
INFO: [ app_end ] --START--
INFO: Run Behavior\ShowPageTraceBehavior [ RunTime:0.000000s ]
INFO: [ app_end ] --END-- [ RunTime:0.000000s ]

[ 2015-08-05T16:51:21+08:00 ] ::1 /index/people
INFO: [ app_init ] --START--
INFO: Run Behavior\BuildLiteBehavior [ RunTime:0.000000s ]
INFO: [ app_init ] --END-- [ RunTime:0.015625s ]
INFO: [ app_begin ] --START--
INFO: Run Behavior\ReadHtmlCacheBehavior [ RunTime:0.000000s ]
INFO: [ app_begin ] --END-- [ RunTime:0.000000s ]
SQL: SHOW COLUMNS FROM `pms_people` [ RunTime:0.1563s ]
NOTIC: [2] Invalid argument supplied for foreach() F:\w\pms\Home\Controller\IndexController.class.php 第 15 行.
NOTIC: [8] Undefined variable: data F:\w\pms\Home\Controller\IndexController.class.php 第 18 行.
INFO: [ app_end ] --START--
INFO: Run Behavior\ShowPageTraceBehavior [ RunTime:0.015625s ]
INFO: [ app_end ] --END-- [ RunTime:0.015625s ]

[ 2015-08-05T16:51:48+08:00 ] ::1 /index/people
INFO: [ app_init ] --START--
INFO: Run Behavior\BuildLiteBehavior [ RunTime:0.000000s ]
INFO: [ app_init ] --END-- [ RunTime:0.000000s ]
INFO: [ app_begin ] --START--
INFO: Run Behavior\ReadHtmlCacheBehavior [ RunTime:0.000000s ]
INFO: [ app_begin ] --END-- [ RunTime:0.000000s ]
SQL: SHOW COLUMNS FROM `pms_people` [ RunTime:0.0156s ]
NOTIC: [2] Invalid argument supplied for foreach() F:\w\pms\Home\Controller\IndexController.class.php 第 16 行.
NOTIC: [8] Undefined variable: data F:\w\pms\Home\Controller\IndexController.class.php 第 19 行.
INFO: [ app_end ] --START--
INFO: Run Behavior\ShowPageTraceBehavior [ RunTime:0.000000s ]
INFO: [ app_end ] --END-- [ RunTime:0.000000s ]

[ 2015-08-05T16:52:57+08:00 ] ::1 /index/people
INFO: [ app_init ] --START--
INFO: Run Behavior\BuildLiteBehavior [ RunTime:0.000000s ]
INFO: [ app_init ] --END-- [ RunTime:0.000000s ]
INFO: [ app_begin ] --START--
INFO: Run Behavior\ReadHtmlCacheBehavior [ RunTime:0.000000s ]
INFO: [ app_begin ] --END-- [ RunTime:0.000000s ]
SQL: SHOW COLUMNS FROM `pms_people` [ RunTime:0.0156s ]
NOTIC: [2] Invalid argument supplied for foreach() F:\w\pms\Home\Controller\IndexController.class.php 第 16 行.
NOTIC: [8] Undefined variable: data F:\w\pms\Home\Controller\IndexController.class.php 第 19 行.
INFO: [ app_end ] --START--
INFO: Run Behavior\ShowPageTraceBehavior [ RunTime:0.000000s ]
INFO: [ app_end ] --END-- [ RunTime:0.000000s ]

[ 2015-08-05T16:53:18+08:00 ] 127.0.0.1 /wpad.dat
INFO: [ app_init ] --START--
INFO: Run Behavior\BuildLiteBehavior [ RunTime:0.000000s ]
INFO: [ app_init ] --END-- [ RunTime:0.000000s ]
INFO: [ app_begin ] --START--
INFO: Run Behavior\ReadHtmlCacheBehavior [ RunTime:0.015625s ]
INFO: [ app_begin ] --END-- [ RunTime:0.015625s ]
ERR: 无法加载控制器:Wpad.dat

[ 2015-08-05T16:55:38+08:00 ] 127.0.0.1 /wpad.dat
INFO: [ app_init ] --START--
INFO: Run Behavior\BuildLiteBehavior [ RunTime:0.000000s ]
INFO: [ app_init ] --END-- [ RunTime:0.000000s ]
INFO: [ app_begin ] --START--
INFO: Run Behavior\ReadHtmlCacheBehavior [ RunTime:0.000000s ]
INFO: [ app_begin ] --END-- [ RunTime:0.000000s ]
ERR: 无法加载控制器:Wpad.dat

[ 2015-08-05T16:57:05+08:00 ] ::1 /index/people
INFO: [ app_init ] --START--
INFO: Run Behavior\BuildLiteBehavior [ RunTime:0.000000s ]
INFO: [ app_init ] --END-- [ RunTime:0.000000s ]
INFO: [ app_begin ] --START--
INFO: Run Behavior\ReadHtmlCacheBehavior [ RunTime:0.000000s ]
INFO: [ app_begin ] --END-- [ RunTime:0.000000s ]
SQL: SHOW COLUMNS FROM `pms_people` [ RunTime:0.0156s ]
SQL: SELECT post_level level,count(1) count FROM `pms_people` GROUP BY post_level  [ RunTime:0.0000s ]
INFO: [ app_end ] --START--
INFO: Run Behavior\ShowPageTraceBehavior [ RunTime:0.000000s ]
INFO: [ app_end ] --END-- [ RunTime:0.000000s ]

[ 2015-08-05T17:03:54+08:00 ] ::1 /index/people
INFO: [ app_init ] --START--
INFO: Run Behavior\BuildLiteBehavior [ RunTime:0.000000s ]
INFO: [ app_init ] --END-- [ RunTime:0.000000s ]
INFO: [ app_begin ] --START--
INFO: Run Behavior\ReadHtmlCacheBehavior [ RunTime:0.000000s ]
INFO: [ app_begin ] --END-- [ RunTime:0.000000s ]

[ 2015-08-05T17:04:27+08:00 ] ::1 /index/people
INFO: [ app_init ] --START--
INFO: Run Behavior\BuildLiteBehavior [ RunTime:0.000000s ]
INFO: [ app_init ] --END-- [ RunTime:0.000000s ]
INFO: [ app_begin ] --START--
INFO: Run Behavior\ReadHtmlCacheBehavior [ RunTime:0.000000s ]
INFO: [ app_begin ] --END-- [ RunTime:0.000000s ]

[ 2015-08-05T17:05:06+08:00 ] ::1 /index/people
INFO: [ app_init ] --START--
INFO: Run Behavior\BuildLiteBehavior [ RunTime:0.000000s ]
INFO: [ app_init ] --END-- [ RunTime:0.000000s ]
INFO: [ app_begin ] --START--
INFO: Run Behavior\ReadHtmlCacheBehavior [ RunTime:0.000000s ]
INFO: [ app_begin ] --END-- [ RunTime:0.000000s ]
SQL: SHOW COLUMNS FROM `pms_people` [ RunTime:0.0156s ]
SQL: SELECT post_level level,count(1) count FROM `pms_people` GROUP BY post_level  [ RunTime:0.0000s ]
SQL: SELECT post_type type,count(1) count FROM `pms_people` GROUP BY post_type  [ RunTime:0.0000s ]
NOTIC: [8] Undefined index: level F:\w\pms\Home\Controller\IndexController.class.php 第 22 行.
NOTIC: [8] Undefined index:  F:\w\pms\Home\Controller\IndexController.class.php 第 22 行.
NOTIC: [8] Undefined index: level F:\w\pms\Home\Controller\IndexController.class.php 第 22 行.
NOTIC: [8] Undefined index:  F:\w\pms\Home\Controller\IndexController.class.php 第 22 行.
NOTIC: [8] Undefined index: level F:\w\pms\Home\Controller\IndexController.class.php 第 22 行.
NOTIC: [8] Undefined index:  F:\w\pms\Home\Controller\IndexController.class.php 第 22 行.
INFO: [ app_end ] --START--
INFO: Run Behavior\ShowPageTraceBehavior [ RunTime:0.015625s ]
INFO: [ app_end ] --END-- [ RunTime:0.015625s ]

[ 2015-08-05T17:05:22+08:00 ] ::1 /index/people
INFO: [ app_init ] --START--
INFO: Run Behavior\BuildLiteBehavior [ RunTime:0.000000s ]
INFO: [ app_init ] --END-- [ RunTime:0.000000s ]
INFO: [ app_begin ] --START--
INFO: Run Behavior\ReadHtmlCacheBehavior [ RunTime:0.000000s ]
INFO: [ app_begin ] --END-- [ RunTime:0.000000s ]
SQL: SHOW COLUMNS FROM `pms_people` [ RunTime:0.0000s ]
SQL: SELECT post_level level,count(1) count FROM `pms_people` GROUP BY post_level  [ RunTime:0.0000s ]
SQL: SELECT post_type type,count(1) count FROM `pms_people` GROUP BY post_type  [ RunTime:0.0156s ]
NOTIC: [8] Undefined index:  F:\w\pms\Home\Controller\IndexController.class.php 第 22 行.
INFO: [ app_end ] --START--
INFO: Run Behavior\ShowPageTraceBehavior [ RunTime:0.000000s ]
INFO: [ app_end ] --END-- [ RunTime:0.000000s ]

[ 2015-08-05T17:06:02+08:00 ] ::1 /index/people
INFO: [ app_init ] --START--
INFO: Run Behavior\BuildLiteBehavior [ RunTime:0.000000s ]
INFO: [ app_init ] --END-- [ RunTime:0.000000s ]
INFO: [ app_begin ] --START--
INFO: Run Behavior\ReadHtmlCacheBehavior [ RunTime:0.000000s ]
INFO: [ app_begin ] --END-- [ RunTime:0.000000s ]
SQL: SHOW COLUMNS FROM `pms_people` [ RunTime:0.0156s ]
SQL: SELECT post_level level,count(1) count FROM `pms_people` GROUP BY post_level  [ RunTime:0.0000s ]
SQL: SELECT post_type type,count(1) count FROM `pms_people` GROUP BY post_type  [ RunTime:0.0000s ]
NOTIC: [8] Undefined index:  F:\w\pms\Home\Controller\IndexController.class.php 第 22 行.
INFO: [ app_end ] --START--
INFO: Run Behavior\ShowPageTraceBehavior [ RunTime:0.000000s ]
INFO: [ app_end ] --END-- [ RunTime:0.000000s ]

[ 2015-08-05T17:06:06+08:00 ] ::1 /index/people
INFO: [ app_init ] --START--
INFO: Run Behavior\BuildLiteBehavior [ RunTime:0.000000s ]
INFO: [ app_init ] --END-- [ RunTime:0.000000s ]
INFO: [ app_begin ] --START--
INFO: Run Behavior\ReadHtmlCacheBehavior [ RunTime:0.000000s ]
INFO: [ app_begin ] --END-- [ RunTime:0.000000s ]
SQL: SHOW COLUMNS FROM `pms_people` [ RunTime:0.0156s ]
SQL: SELECT post_level level,count(1) count FROM `pms_people` GROUP BY post_level  [ RunTime:0.0000s ]
SQL: SELECT post_type type,count(1) count FROM `pms_people` GROUP BY post_type  [ RunTime:0.0000s ]
NOTIC: [8] Undefined index:  F:\w\pms\Home\Controller\IndexController.class.php 第 22 行.
INFO: [ app_end ] --START--
INFO: Run Behavior\ShowPageTraceBehavior [ RunTime:0.000000s ]
INFO: [ app_end ] --END-- [ RunTime:0.000000s ]

[ 2015-08-05T17:10:07+08:00 ] ::1 /index/people
INFO: [ app_init ] --START--
INFO: Run Behavior\BuildLiteBehavior [ RunTime:0.000000s ]
INFO: [ app_init ] --END-- [ RunTime:0.000000s ]
INFO: [ app_begin ] --START--
INFO: Run Behavior\ReadHtmlCacheBehavior [ RunTime:0.015625s ]
INFO: [ app_begin ] --END-- [ RunTime:0.015625s ]
SQL: SHOW COLUMNS FROM `pms_people` [ RunTime:0.0000s ]
SQL: SELECT post_level level,count(1) count FROM `pms_people` GROUP BY post_level  [ RunTime:0.0000s ]
SQL: SELECT post_type type,count(1) count FROM `pms_people` GROUP BY post_type  [ RunTime:0.0156s ]
INFO: [ app_end ] --START--
INFO: Run Behavior\ShowPageTraceBehavior [ RunTime:0.000000s ]
INFO: [ app_end ] --END-- [ RunTime:0.000000s ]

[ 2015-08-05T17:19:38+08:00 ] ::1 /index/education
INFO: [ app_init ] --START--
INFO: Run Behavior\BuildLiteBehavior [ RunTime:0.000000s ]
INFO: [ app_init ] --END-- [ RunTime:0.000000s ]
INFO: [ app_begin ] --START--
INFO: Run Behavior\ReadHtmlCacheBehavior [ RunTime:0.015625s ]
INFO: [ app_begin ] --END-- [ RunTime:0.015625s ]
SQL: SHOW COLUMNS FROM `pms_education` [ RunTime:0.0156s ]
SQL: SELECT edu_level level,count(1) count FROM `pms_education` GROUP BY edu_level  [ RunTime:0.0469s ]
INFO: [ app_end ] --START--
INFO: Run Behavior\ShowPageTraceBehavior [ RunTime:0.000000s ]
INFO: [ app_end ] --END-- [ RunTime:0.000000s ]

[ 2015-08-05T17:42:57+08:00 ] ::1 /
INFO: [ app_init ] --START--
INFO: Run Behavior\BuildLiteBehavior [ RunTime:0.000000s ]
INFO: [ app_init ] --END-- [ RunTime:0.000000s ]
INFO: [ app_begin ] --START--
INFO: Run Behavior\ReadHtmlCacheBehavior [ RunTime:0.015625s ]
INFO: [ app_begin ] --END-- [ RunTime:0.015625s ]
ERR: 非法操作:index

[ 2015-08-05T17:43:06+08:00 ] ::1 /
INFO: [ app_init ] --START--
INFO: Run Behavior\BuildLiteBehavior [ RunTime:0.000000s ]
INFO: [ app_init ] --END-- [ RunTime:0.015625s ]
INFO: [ app_begin ] --START--
INFO: Run Behavior\ReadHtmlCacheBehavior [ RunTime:0.000000s ]
INFO: [ app_begin ] --END-- [ RunTime:0.000000s ]
INFO: [ view_parse ] --START--
INFO: Run Behavior\ParseTemplateBehavior [ RunTime:0.015625s ]
INFO: [ view_parse ] --END-- [ RunTime:0.015625s ]
INFO: [ view_filter ] --START--
INFO: Run Behavior\WriteHtmlCacheBehavior [ RunTime:0.015625s ]
INFO: [ view_filter ] --END-- [ RunTime:0.015625s ]
INFO: [ app_end ] --START--
INFO: Run Behavior\ShowPageTraceBehavior [ RunTime:0.000000s ]
INFO: [ app_end ] --END-- [ RunTime:0.000000s ]

[ 2015-08-05T17:47:14+08:00 ] ::1 /
INFO: [ app_init ] --START--
INFO: Run Behavior\BuildLiteBehavior [ RunTime:0.000000s ]
INFO: [ app_init ] --END-- [ RunTime:0.000000s ]
INFO: [ app_begin ] --START--
INFO: Run Behavior\ReadHtmlCacheBehavior [ RunTime:0.000000s ]
INFO: [ app_begin ] --END-- [ RunTime:0.000000s ]
INFO: [ view_parse ] --START--
INFO: Run Behavior\ParseTemplateBehavior [ RunTime:0.000000s ]
INFO: [ view_parse ] --END-- [ RunTime:0.000000s ]
INFO: [ view_filter ] --START--
INFO: Run Behavior\WriteHtmlCacheBehavior [ RunTime:0.000000s ]
INFO: [ view_filter ] --END-- [ RunTime:0.000000s ]
INFO: [ app_end ] --START--
INFO: Run Behavior\ShowPageTraceBehavior [ RunTime:0.015625s ]
INFO: [ app_end ] --END-- [ RunTime:0.015625s ]

[ 2015-08-05T17:47:19+08:00 ] ::1 /people
INFO: [ app_init ] --START--
INFO: Run Behavior\BuildLiteBehavior [ RunTime:0.000000s ]
INFO: [ app_init ] --END-- [ RunTime:0.000000s ]
INFO: [ app_begin ] --START--
INFO: Run Behavior\ReadHtmlCacheBehavior [ RunTime:0.000000s ]
INFO: [ app_begin ] --END-- [ RunTime:0.000000s ]
INFO: [ view_parse ] --START--
INFO: Run Behavior\ParseTemplateBehavior [ RunTime:0.031250s ]
INFO: [ view_parse ] --END-- [ RunTime:0.031250s ]
INFO: [ view_filter ] --START--
INFO: Run Behavior\WriteHtmlCacheBehavior [ RunTime:0.000000s ]
INFO: [ view_filter ] --END-- [ RunTime:0.000000s ]
INFO: [ app_end ] --START--
INFO: Run Behavior\ShowPageTraceBehavior [ RunTime:0.000000s ]
INFO: [ app_end ] --END-- [ RunTime:0.000000s ]

[ 2015-08-05T17:47:27+08:00 ] ::1 /index/people
INFO: [ app_init ] --START--
INFO: Run Behavior\BuildLiteBehavior [ RunTime:0.000000s ]
INFO: [ app_init ] --END-- [ RunTime:0.000000s ]
INFO: [ app_begin ] --START--
INFO: Run Behavior\ReadHtmlCacheBehavior [ RunTime:0.000000s ]
INFO: [ app_begin ] --END-- [ RunTime:0.000000s ]
SQL: SHOW COLUMNS FROM `pms_people` [ RunTime:0.0000s ]
NOTIC: [4096] Object of class Think\Model could not be converted to string F:\w\pms\Home\Controller\IndexController.class.php 第 17 行.
NOTIC: [8] Object of class Think\Model to string conversion F:\w\pms\Home\Controller\IndexController.class.php 第 17 行.
NOTIC: [8] Undefined variable: Object F:\w\pms\Home\Controller\IndexController.class.php 第 17 行.

[ 2015-08-05T17:48:04+08:00 ] ::1 /index/people
INFO: [ app_init ] --START--
INFO: Run Behavior\BuildLiteBehavior [ RunTime:0.000000s ]
INFO: [ app_init ] --END-- [ RunTime:0.000000s ]
INFO: [ app_begin ] --START--
INFO: Run Behavior\ReadHtmlCacheBehavior [ RunTime:0.000000s ]
INFO: [ app_begin ] --END-- [ RunTime:0.000000s ]
SQL: SHOW COLUMNS FROM `pms_people` [ RunTime:0.0000s ]
SQL: SELECT post_level level,count(1) count FROM `pms_people` GROUP BY post_level  [ RunTime:0.0156s ]
SQL: SELECT post_type type,count(1) count FROM `pms_people` GROUP BY post_type  [ RunTime:0.0000s ]
INFO: [ app_end ] --START--
INFO: Run Behavior\ShowPageTraceBehavior [ RunTime:0.000000s ]
INFO: [ app_end ] --END-- [ RunTime:0.000000s ]

[ 2015-08-05T17:48:17+08:00 ] ::1 /index/people
INFO: [ app_init ] --START--
INFO: Run Behavior\BuildLiteBehavior [ RunTime:0.000000s ]
INFO: [ app_init ] --END-- [ RunTime:0.000000s ]
INFO: [ app_begin ] --START--
INFO: Run Behavior\ReadHtmlCacheBehavior [ RunTime:0.000000s ]
INFO: [ app_begin ] --END-- [ RunTime:0.000000s ]
SQL: SHOW COLUMNS FROM `pms_people` [ RunTime:0.0156s ]
SQL: SELECT post_level level,count(1) count FROM `pms_people` GROUP BY post_level  [ RunTime:0.0000s ]
SQL: SELECT post_type type,count(1) count FROM `pms_people` GROUP BY post_type  [ RunTime:0.0000s ]
INFO: [ app_end ] --START--
INFO: Run Behavior\ShowPageTraceBehavior [ RunTime:0.000000s ]
INFO: [ app_end ] --END-- [ RunTime:0.000000s ]

[ 2015-08-05T17:48:26+08:00 ] ::1 /index/education
INFO: [ app_init ] --START--
INFO: Run Behavior\BuildLiteBehavior [ RunTime:0.015625s ]
INFO: [ app_init ] --END-- [ RunTime:0.015625s ]
INFO: [ app_begin ] --START--
INFO: Run Behavior\ReadHtmlCacheBehavior [ RunTime:0.000000s ]
INFO: [ app_begin ] --END-- [ RunTime:0.000000s ]
SQL: SHOW COLUMNS FROM `pms_education` [ RunTime:0.0000s ]
ERR: SQLSTATE[42S22]: Column not found: 1054 Unknown column '__PEOPLE__.post_level' in 'field list'

[ 2015-08-05T17:49:03+08:00 ] ::1 /index/education
INFO: [ app_init ] --START--
INFO: Run Behavior\BuildLiteBehavior [ RunTime:0.000000s ]
INFO: [ app_init ] --END-- [ RunTime:0.000000s ]
INFO: [ app_begin ] --START--
INFO: Run Behavior\ReadHtmlCacheBehavior [ RunTime:0.015625s ]
INFO: [ app_begin ] --END-- [ RunTime:0.015625s ]
SQL: SHOW COLUMNS FROM `pms_education` [ RunTime:0.0000s ]
SQL: SELECT pms_people.post_level,pms_education.edu_level,count(1) count FROM `pms_education` INNER JOIN pms_people on pms_people.pid = pms_education.pid  GROUP BY pms_people.post_level,pms_education.edu_level ORDER BY pms_people.post_level desc,pms_education.edu_level desc  [ RunTime:0.0156s ]
INFO: [ app_end ] --START--
INFO: Run Behavior\ShowPageTraceBehavior [ RunTime:0.015625s ]
INFO: [ app_end ] --END-- [ RunTime:0.015625s ]

[ 2015-08-05T17:50:21+08:00 ] 127.0.0.1 /wpad.dat
INFO: [ app_init ] --START--
INFO: Run Behavior\BuildLiteBehavior [ RunTime:0.000000s ]
INFO: [ app_init ] --END-- [ RunTime:0.000000s ]
INFO: [ app_begin ] --START--
INFO: Run Behavior\ReadHtmlCacheBehavior [ RunTime:0.000000s ]
INFO: [ app_begin ] --END-- [ RunTime:0.000000s ]
ERR: 无法加载控制器:Wpad.dat

[ 2015-08-05T17:51:49+08:00 ] ::1 /index/education
INFO: [ app_init ] --START--
INFO: Run Behavior\BuildLiteBehavior [ RunTime:0.000000s ]
INFO: [ app_init ] --END-- [ RunTime:0.000000s ]
INFO: [ app_begin ] --START--
INFO: Run Behavior\ReadHtmlCacheBehavior [ RunTime:0.015625s ]
INFO: [ app_begin ] --END-- [ RunTime:0.015625s ]

[ 2015-08-05T17:52:00+08:00 ] ::1 /index/education
INFO: [ app_init ] --START--
INFO: Run Behavior\BuildLiteBehavior [ RunTime:0.000000s ]
INFO: [ app_init ] --END-- [ RunTime:0.000000s ]
INFO: [ app_begin ] --START--
INFO: Run Behavior\ReadHtmlCacheBehavior [ RunTime:0.000000s ]
INFO: [ app_begin ] --END-- [ RunTime:0.000000s ]
SQL: SHOW COLUMNS FROM `pms_education` [ RunTime:0.0156s ]
SQL: SELECT pms_people.post_level,pms_education.edu_level,count(1) count FROM `pms_education` INNER JOIN pms_people on pms_people.pid = pms_education.pid  GROUP BY pms_people.post_level,pms_education.edu_level ORDER BY pms_people.post_level desc,pms_education.edu_level desc  [ RunTime:0.0156s ]
INFO: [ app_end ] --START--
INFO: Run Behavior\ShowPageTraceBehavior [ RunTime:0.000000s ]
INFO: [ app_end ] --END-- [ RunTime:0.000000s ]

[ 2015-08-05T17:52:29+08:00 ] 127.0.0.1 /wpad.dat
INFO: [ app_init ] --START--
INFO: Run Behavior\BuildLiteBehavior [ RunTime:0.000000s ]
INFO: [ app_init ] --END-- [ RunTime:0.000000s ]
INFO: [ app_begin ] --START--
INFO: Run Behavior\ReadHtmlCacheBehavior [ RunTime:0.000000s ]
INFO: [ app_begin ] --END-- [ RunTime:0.000000s ]
ERR: 无法加载控制器:Wpad.dat

[ 2015-08-05T17:52:40+08:00 ] ::1 /index/education
INFO: [ app_init ] --START--
INFO: Run Behavior\BuildLiteBehavior [ RunTime:0.000000s ]
INFO: [ app_init ] --END-- [ RunTime:0.000000s ]
INFO: [ app_begin ] --START--
INFO: Run Behavior\ReadHtmlCacheBehavior [ RunTime:0.000000s ]
INFO: [ app_begin ] --END-- [ RunTime:0.000000s ]
SQL: SHOW COLUMNS FROM `pms_education` [ RunTime:0.0156s ]
SQL: SELECT pms_people.post_level,pms_education.edu_level FROM `pms_education` INNER JOIN pms_people on pms_people.pid = pms_education.pid  GROUP BY pms_people.post_level,pms_education.edu_level ORDER BY pms_people.post_level desc,pms_education.edu_level desc  [ RunTime:0.0156s ]
NOTIC: [8] Undefined index: count F:\w\pms\Home\Controller\IndexController.class.php 第 42 行.
NOTIC: [8] Undefined index: count F:\w\pms\Home\Controller\IndexController.class.php 第 42 行.
NOTIC: [8] Undefined index: count F:\w\pms\Home\Controller\IndexController.class.php 第 42 行.
NOTIC: [8] Undefined index: count F:\w\pms\Home\Controller\IndexController.class.php 第 42 行.
NOTIC: [8] Undefined index: count F:\w\pms\Home\Controller\IndexController.class.php 第 42 行.
NOTIC: [8] Undefined index: count F:\w\pms\Home\Controller\IndexController.class.php 第 42 行.
NOTIC: [8] Undefined index: count F:\w\pms\Home\Controller\IndexController.class.php 第 42 行.
NOTIC: [8] Undefined index: count F:\w\pms\Home\Controller\IndexController.class.php 第 42 行.
NOTIC: [8] Undefined index: count F:\w\pms\Home\Controller\IndexController.class.php 第 42 行.
NOTIC: [8] Undefined index: count F:\w\pms\Home\Controller\IndexController.class.php 第 42 行.
NOTIC: [8] Undefined index: count F:\w\pms\Home\Controller\IndexController.class.php 第 42 行.
NOTIC: [8] Undefined index: count F:\w\pms\Home\Controller\IndexController.class.php 第 42 行.
NOTIC: [8] Undefined index: count F:\w\pms\Home\Controller\IndexController.class.php 第 42 行.
NOTIC: [8] Undefined index: count F:\w\pms\Home\Controller\IndexController.class.php 第 42 行.
NOTIC: [8] Undefined index: count F:\w\pms\Home\Controller\IndexController.class.php 第 42 行.
NOTIC: [8] Undefined index: count F:\w\pms\Home\Controller\IndexController.class.php 第 42 行.
NOTIC: [8] Undefined index: count F:\w\pms\Home\Controller\IndexController.class.php 第 42 行.
NOTIC: [8] Undefined index: count F:\w\pms\Home\Controller\IndexController.class.php 第 42 行.
NOTIC: [8] Undefined index: count F:\w\pms\Home\Controller\IndexController.class.php 第 42 行.
NOTIC: [8] Undefined index: count F:\w\pms\Home\Controller\IndexController.class.php 第 42 行.
NOTIC: [8] Undefined index: count F:\w\pms\Home\Controller\IndexController.class.php 第 42 行.
NOTIC: [8] Undefined index: count F:\w\pms\Home\Controller\IndexController.class.php 第 42 行.
NOTIC: [8] Undefined index: count F:\w\pms\Home\Controller\IndexController.class.php 第 42 行.
NOTIC: [8] Undefined index: count F:\w\pms\Home\Controller\IndexController.class.php 第 42 行.
NOTIC: [8] Undefined index: count F:\w\pms\Home\Controller\IndexController.class.php 第 42 行.
INFO: [ app_end ] --START--
INFO: Run Behavior\ShowPageTraceBehavior [ RunTime:0.000000s ]
INFO: [ app_end ] --END-- [ RunTime:0.000000s ]

[ 2015-08-05T17:54:47+08:00 ] 127.0.0.1 /wpad.dat
INFO: [ app_init ] --START--
INFO: Run Behavior\BuildLiteBehavior [ RunTime:0.000000s ]
INFO: [ app_init ] --END-- [ RunTime:0.015625s ]
INFO: [ app_begin ] --START--
INFO: Run Behavior\ReadHtmlCacheBehavior [ RunTime:0.000000s ]
INFO: [ app_begin ] --END-- [ RunTime:0.000000s ]
ERR: 无法加载控制器:Wpad.dat

[ 2015-08-05T17:57:23+08:00 ] ::1 /index/education
INFO: [ app_init ] --START--
INFO: Run Behavior\BuildLiteBehavior [ RunTime:0.000000s ]
INFO: [ app_init ] --END-- [ RunTime:0.000000s ]
INFO: [ app_begin ] --START--
INFO: Run Behavior\ReadHtmlCacheBehavior [ RunTime:0.000000s ]
INFO: [ app_begin ] --END-- [ RunTime:0.015625s ]

[ 2015-08-05T17:57:40+08:00 ] ::1 /index/education
INFO: [ app_init ] --START--
INFO: Run Behavior\BuildLiteBehavior [ RunTime:0.000000s ]
INFO: [ app_init ] --END-- [ RunTime:0.000000s ]
INFO: [ app_begin ] --START--
INFO: Run Behavior\ReadHtmlCacheBehavior [ RunTime:0.000000s ]
INFO: [ app_begin ] --END-- [ RunTime:0.000000s ]
SQL: SHOW COLUMNS FROM `pms_education` [ RunTime:0.0156s ]
SQL: SELECT pms_people.post_level,pms_education.edu_level,count(1) count FROM `pms_education` INNER JOIN pms_people on pms_people.pid = pms_education.pid  GROUP BY pms_people.post_level,pms_education.edu_level ORDER BY pms_people.post_level desc,pms_education.edu_level desc  [ RunTime:0.0156s ]
NOTIC: [8] Undefined variable: value F:\w\pms\Home\Controller\IndexController.class.php 第 42 行.
NOTIC: [8] Undefined index:  F:\w\pms\Home\Controller\IndexController.class.php 第 42 行.
NOTIC: [8] Undefined variable: value F:\w\pms\Home\Controller\IndexController.class.php 第 43 行.
NOTIC: [8] Undefined index:  F:\w\pms\Home\Controller\IndexController.class.php 第 43 行.
NOTIC: [8] Undefined variable: value F:\w\pms\Home\Controller\IndexController.class.php 第 44 行.
NOTIC: [8] Undefined variable: value F:\w\pms\Home\Controller\IndexController.class.php 第 42 行.
NOTIC: [8] Undefined index:  F:\w\pms\Home\Controller\IndexController.class.php 第 42 行.
NOTIC: [8] Undefined variable: value F:\w\pms\Home\Controller\IndexController.class.php 第 43 行.
NOTIC: [8] Undefined index:  F:\w\pms\Home\Controller\IndexController.class.php 第 43 行.
NOTIC: [8] Undefined variable: value F:\w\pms\Home\Controller\IndexController.class.php 第 44 行.
NOTIC: [8] Undefined variable: value F:\w\pms\Home\Controller\IndexController.class.php 第 42 行.
NOTIC: [8] Undefined index:  F:\w\pms\Home\Controller\IndexController.class.php 第 42 行.
NOTIC: [8] Undefined variable: value F:\w\pms\Home\Controller\IndexController.class.php 第 43 行.
NOTIC: [8] Undefined index:  F:\w\pms\Home\Controller\IndexController.class.php 第 43 行.
NOTIC: [8] Undefined variable: value F:\w\pms\Home\Controller\IndexController.class.php 第 44 行.
NOTIC: [8] Undefined variable: value F:\w\pms\Home\Controller\IndexController.class.php 第 42 行.
NOTIC: [8] Undefined index:  F:\w\pms\Home\Controller\IndexController.class.php 第 42 行.
NOTIC: [8] Undefined variable: value F:\w\pms\Home\Controller\IndexController.class.php 第 43 行.
NOTIC: [8] Undefined index:  F:\w\pms\Home\Controller\IndexController.class.php 第 43 行.
NOTIC: [8] Undefined variable: value F:\w\pms\Home\Controller\IndexController.class.php 第 44 行.
NOTIC: [8] Undefined variable: value F:\w\pms\Home\Controller\IndexController.class.php 第 42 行.
NOTIC: [8] Undefined index:  F:\w\pms\Home\Controller\IndexController.class.php 第 42 行.
NOTIC: [8] Undefined variable: value F:\w\pms\Home\Controller\IndexController.class.php 第 43 行.
NOTIC: [8] Undefined index:  F:\w\pms\Home\Controller\IndexController.class.php 第 43 行.
NOTIC: [8] Undefined variable: value F:\w\pms\Home\Controller\IndexController.class.php 第 44 行.
NOTIC: [8] Undefined variable: value F:\w\pms\Home\Controller\IndexController.class.php 第 42 行.
NOTIC: [8] Undefined index:  F:\w\pms\Home\Controller\IndexController.class.php 第 42 行.
NOTIC: [8] Undefined variable: value F:\w\pms\Home\Controller\IndexController.class.php 第 43 行.
NOTIC: [8] Undefined index:  F:\w\pms\Home\Controller\IndexController.class.php 第 43 行.
NOTIC: [8] Undefined variable: value F:\w\pms\Home\Controller\IndexController.class.php 第 44 行.
NOTIC: [8] Undefined variable: value F:\w\pms\Home\Controller\IndexController.class.php 第 42 行.
NOTIC: [8] Undefined index:  F:\w\pms\Home\Controller\IndexController.class.php 第 42 行.
NOTIC: [8] Undefined variable: value F:\w\pms\Home\Controller\IndexController.class.php 第 43 行.
NOTIC: [8] Undefined index:  F:\w\pms\Home\Controller\IndexController.class.php 第 43 行.
NOTIC: [8] Undefined variable: value F:\w\pms\Home\Controller\IndexController.class.php 第 44 行.
NOTIC: [8] Undefined variable: value F:\w\pms\Home\Controller\IndexController.class.php 第 42 行.
NOTIC: [8] Undefined index:  F:\w\pms\Home\Controller\IndexController.class.php 第 42 行.
NOTIC: [8] Undefined variable: value F:\w\pms\Home\Controller\IndexController.class.php 第 43 行.
NOTIC: [8] Undefined index:  F:\w\pms\Home\Controller\IndexController.class.php 第 43 行.
NOTIC: [8] Undefined variable: value F:\w\pms\Home\Controller\IndexController.class.php 第 44 行.
NOTIC: [8] Undefined variable: value F:\w\pms\Home\Controller\IndexController.class.php 第 42 行.
NOTIC: [8] Undefined index:  F:\w\pms\Home\Controller\IndexController.class.php 第 42 行.
NOTIC: [8] Undefined variable: value F:\w\pms\Home\Controller\IndexController.class.php 第 43 行.
NOTIC: [8] Undefined index:  F:\w\pms\Home\Controller\IndexController.class.php 第 43 行.
NOTIC: [8] Undefined variable: value F:\w\pms\Home\Controller\IndexController.class.php 第 44 行.
NOTIC: [8] Undefined variable: value F:\w\pms\Home\Controller\IndexController.class.php 第 42 行.
NOTIC: [8] Undefined index:  F:\w\pms\Home\Controller\IndexController.class.php 第 42 行.
NOTIC: [8] Undefined variable: value F:\w\pms\Home\Controller\IndexController.class.php 第 43 行.
NOTIC: [8] Undefined index:  F:\w\pms\Home\Controller\IndexController.class.php 第 43 行.
NOTIC: [8] Undefined variable: value F:\w\pms\Home\Controller\IndexController.class.php 第 44 行.
NOTIC: [8] Undefined variable: value F:\w\pms\Home\Controller\IndexController.class.php 第 42 行.
NOTIC: [8] Undefined index:  F:\w\pms\Home\Controller\IndexController.class.php 第 42 行.
NOTIC: [8] Undefined variable: value F:\w\pms\Home\Controller\IndexController.class.php 第 43 行.
NOTIC: [8] Undefined index:  F:\w\pms\Home\Controller\IndexController.class.php 第 43 行.
NOTIC: [8] Undefined variable: value F:\w\pms\Home\Controller\IndexController.class.php 第 44 行.
NOTIC: [8] Undefined variable: value F:\w\pms\Home\Controller\IndexController.class.php 第 42 行.
NOTIC: [8] Undefined index:  F:\w\pms\Home\Controller\IndexController.class.php 第 42 行.
NOTIC: [8] Undefined variable: value F:\w\pms\Home\Controller\IndexController.class.php 第 43 行.
NOTIC: [8] Undefined index:  F:\w\pms\Home\Controller\IndexController.class.php 第 43 行.
NOTIC: [8] Undefined variable: value F:\w\pms\Home\Controller\IndexController.class.php 第 44 行.
NOTIC: [8] Undefined variable: value F:\w\pms\Home\Controller\IndexController.class.php 第 42 行.
NOTIC: [8] Undefined index:  F:\w\pms\Home\Controller\IndexController.class.php 第 42 行.
NOTIC: [8] Undefined variable: value F:\w\pms\Home\Controller\IndexController.class.php 第 43 行.
NOTIC: [8] Undefined index:  F:\w\pms\Home\Controller\IndexController.class.php 第 43 行.
NOTIC: [8] Undefined variable: value F:\w\pms\Home\Controller\IndexController.class.php 第 44 行.
NOTIC: [8] Undefined variable: value F:\w\pms\Home\Controller\IndexController.class.php 第 42 行.
NOTIC: [8] Undefined index:  F:\w\pms\Home\Controller\IndexController.class.php 第 42 行.
NOTIC: [8] Undefined variable: value F:\w\pms\Home\Controller\IndexController.class.php 第 43 行.
NOTIC: [8] Undefined index:  F:\w\pms\Home\Controller\IndexController.class.php 第 43 行.
NOTIC: [8] Undefined variable: value F:\w\pms\Home\Controller\IndexController.class.php 第 44 行.
NOTIC: [8] Undefined variable: value F:\w\pms\Home\Controller\IndexController.class.php 第 42 行.
NOTIC: [8] Undefined index:  F:\w\pms\Home\Controller\IndexController.class.php 第 42 行.
NOTIC: [8] Undefined variable: value F:\w\pms\Home\Controller\IndexController.class.php 第 43 行.
NOTIC: [8] Undefined index:  F:\w\pms\Home\Controller\IndexController.class.php 第 43 行.
NOTIC: [8] Undefined variable: value F:\w\pms\Home\Controller\IndexController.class.php 第 44 行.
NOTIC: [8] Undefined variable: value F:\w\pms\Home\Controller\IndexController.class.php 第 42 行.
NOTIC: [8] Undefined index:  F:\w\pms\Home\Controller\IndexController.class.php 第 42 行.
NOTIC: [8] Undefined variable: value F:\w\pms\Home\Controller\IndexController.class.php 第 43 行.
NOTIC: [8] Undefined index:  F:\w\pms\Home\Controller\IndexController.class.php 第 43 行.
NOTIC: [8] Undefined variable: value F:\w\pms\Home\Controller\IndexController.class.php 第 44 行.
NOTIC: [8] Undefined variable: value F:\w\pms\Home\Controller\IndexController.class.php 第 42 行.
NOTIC: [8] Undefined index:  F:\w\pms\Home\Controller\IndexController.class.php 第 42 行.
NOTIC: [8] Undefined variable: value F:\w\pms\Home\Controller\IndexController.class.php 第 43 行.
NOTIC: [8] Undefined index:  F:\w\pms\Home\Controller\IndexController.class.php 第 43 行.
NOTIC: [8] Undefined variable: value F:\w\pms\Home\Controller\IndexController.class.php 第 44 行.
NOTIC: [8] Undefined variable: value F:\w\pms\Home\Controller\IndexController.class.php 第 42 行.
NOTIC: [8] Undefined index:  F:\w\pms\Home\Controller\IndexController.class.php 第 42 行.
NOTIC: [8] Undefined variable: value F:\w\pms\Home\Controller\IndexController.class.php 第 43 行.
NOTIC: [8] Undefined index:  F:\w\pms\Home\Controller\IndexController.class.php 第 43 行.
NOTIC: [8] Undefined variable: value F:\w\pms\Home\Controller\IndexController.class.php 第 44 行.
NOTIC: [8] Undefined variable: value F:\w\pms\Home\Controller\IndexController.class.php 第 42 行.
NOTIC: [8] Undefined index:  F:\w\pms\Home\Controller\IndexController.class.php 第 42 行.
NOTIC: [8] Undefined variable: value F:\w\pms\Home\Controller\IndexController.class.php 第 43 行.
NOTIC: [8] Undefined index:  F:\w\pms\Home\Controller\IndexController.class.php 第 43 行.
NOTIC: [8] Undefined variable: value F:\w\pms\Home\Controller\IndexController.class.php 第 44 行.
NOTIC: [8] Undefined variable: value F:\w\pms\Home\Controller\IndexController.class.php 第 42 行.
NOTIC: [8] Undefined index:  F:\w\pms\Home\Controller\IndexController.class.php 第 42 行.
NOTIC: [8] Undefined variable: value F:\w\pms\Home\Controller\IndexController.class.php 第 43 行.
NOTIC: [8] Undefined index:  F:\w\pms\Home\Controller\IndexController.class.php 第 43 行.
NOTIC: [8] Undefined variable: value F:\w\pms\Home\Controller\IndexController.class.php 第 44 行.
NOTIC: [8] Undefined variable: value F:\w\pms\Home\Controller\IndexController.class.php 第 42 行.
NOTIC: [8] Undefined index:  F:\w\pms\Home\Controller\IndexController.class.php 第 42 行.
NOTIC: [8] Undefined variable: value F:\w\pms\Home\Controller\IndexController.class.php 第 43 行.
NOTIC: [8] Undefined index:  F:\w\pms\Home\Controller\IndexController.class.php 第 43 行.
NOTIC: [8] Undefined variable: value F:\w\pms\Home\Controller\IndexController.class.php 第 44 行.
NOTIC: [8] Undefined variable: value F:\w\pms\Home\Controller\IndexController.class.php 第 42 行.
NOTIC: [8] Undefined index:  F:\w\pms\Home\Controller\IndexController.class.php 第 42 行.
NOTIC: [8] Undefined variable: value F:\w\pms\Home\Controller\IndexController.class.php 第 43 行.
NOTIC: [8] Undefined index:  F:\w\pms\Home\Controller\IndexController.class.php 第 43 行.
NOTIC: [8] Undefined variable: value F:\w\pms\Home\Controller\IndexController.class.php 第 44 行.
NOTIC: [8] Undefined variable: value F:\w\pms\Home\Controller\IndexController.class.php 第 42 行.
NOTIC: [8] Undefined index:  F:\w\pms\Home\Controller\IndexController.class.php 第 42 行.
NOTIC: [8] Undefined variable: value F:\w\pms\Home\Controller\IndexController.class.php 第 43 行.
NOTIC: [8] Undefined index:  F:\w\pms\Home\Controller\IndexController.class.php 第 43 行.
NOTIC: [8] Undefined variable: value F:\w\pms\Home\Controller\IndexController.class.php 第 44 行.
NOTIC: [8] Undefined variable: value F:\w\pms\Home\Controller\IndexController.class.php 第 42 行.
NOTIC: [8] Undefined index:  F:\w\pms\Home\Controller\IndexController.class.php 第 42 行.
NOTIC: [8] Undefined variable: value F:\w\pms\Home\Controller\IndexController.class.php 第 43 行.
NOTIC: [8] Undefined index:  F:\w\pms\Home\Controller\IndexController.class.php 第 43 行.
NOTIC: [8] Undefined variable: value F:\w\pms\Home\Controller\IndexController.class.php 第 44 行.
NOTIC: [8] Undefined variable: value F:\w\pms\Home\Controller\IndexController.class.php 第 42 行.
NOTIC: [8] Undefined index:  F:\w\pms\Home\Controller\IndexController.class.php 第 42 行.
NOTIC: [8] Undefined variable: value F:\w\pms\Home\Controller\IndexController.class.php 第 43 行.
NOTIC: [8] Undefined index:  F:\w\pms\Home\Controller\IndexController.class.php 第 43 行.
NOTIC: [8] Undefined variable: value F:\w\pms\Home\Controller\IndexController.class.php 第 44 行.
INFO: [ app_end ] --START--
INFO: Run Behavior\ShowPageTraceBehavior [ RunTime:0.000000s ]
INFO: [ app_end ] --END-- [ RunTime:0.000000s ]

[ 2015-08-05T17:58:23+08:00 ] ::1 /index/education
INFO: [ app_init ] --START--
INFO: Run Behavior\BuildLiteBehavior [ RunTime:0.000000s ]
INFO: [ app_init ] --END-- [ RunTime:0.000000s ]
INFO: [ app_begin ] --START--
INFO: Run Behavior\ReadHtmlCacheBehavior [ RunTime:0.000000s ]
INFO: [ app_begin ] --END-- [ RunTime:0.000000s ]
SQL: SHOW COLUMNS FROM `pms_education` [ RunTime:0.0000s ]
SQL: SELECT pms_people.post_level,pms_education.edu_level,count(1) count FROM `pms_education` INNER JOIN pms_people on pms_people.pid = pms_education.pid  GROUP BY pms_people.post_level,pms_education.edu_level ORDER BY pms_people.post_level desc,pms_education.edu_level desc  [ RunTime:0.0156s ]
NOTIC: [8] Undefined variable: value F:\w\pms\Home\Controller\IndexController.class.php 第 42 行.
NOTIC: [8] Undefined index:  F:\w\pms\Home\Controller\IndexController.class.php 第 42 行.
NOTIC: [8] Undefined variable: value F:\w\pms\Home\Controller\IndexController.class.php 第 43 行.
NOTIC: [8] Undefined index:  F:\w\pms\Home\Controller\IndexController.class.php 第 43 行.
NOTIC: [8] Undefined variable: value F:\w\pms\Home\Controller\IndexController.class.php 第 44 行.
NOTIC: [8] Undefined variable: value F:\w\pms\Home\Controller\IndexController.class.php 第 42 行.
NOTIC: [8] Undefined index:  F:\w\pms\Home\Controller\IndexController.class.php 第 42 行.
NOTIC: [8] Undefined variable: value F:\w\pms\Home\Controller\IndexController.class.php 第 43 行.
NOTIC: [8] Undefined index:  F:\w\pms\Home\Controller\IndexController.class.php 第 43 行.
NOTIC: [8] Undefined variable: value F:\w\pms\Home\Controller\IndexController.class.php 第 44 行.
NOTIC: [8] Undefined variable: value F:\w\pms\Home\Controller\IndexController.class.php 第 42 行.
NOTIC: [8] Undefined index:  F:\w\pms\Home\Controller\IndexController.class.php 第 42 行.
NOTIC: [8] Undefined variable: value F:\w\pms\Home\Controller\IndexController.class.php 第 43 行.
NOTIC: [8] Undefined index:  F:\w\pms\Home\Controller\IndexController.class.php 第 43 行.
NOTIC: [8] Undefined variable: value F:\w\pms\Home\Controller\IndexController.class.php 第 44 行.
NOTIC: [8] Undefined variable: value F:\w\pms\Home\Controller\IndexController.class.php 第 42 行.
NOTIC: [8] Undefined index:  F:\w\pms\Home\Controller\IndexController.class.php 第 42 行.
NOTIC: [8] Undefined variable: value F:\w\pms\Home\Controller\IndexController.class.php 第 43 行.
NOTIC: [8] Undefined index:  F:\w\pms\Home\Controller\IndexController.class.php 第 43 行.
NOTIC: [8] Undefined variable: value F:\w\pms\Home\Controller\IndexController.class.php 第 44 行.
NOTIC: [8] Undefined variable: value F:\w\pms\Home\Controller\IndexController.class.php 第 42 行.
NOTIC: [8] Undefined index:  F:\w\pms\Home\Controller\IndexController.class.php 第 42 行.
NOTIC: [8] Undefined variable: value F:\w\pms\Home\Controller\IndexController.class.php 第 43 行.
NOTIC: [8] Undefined index:  F:\w\pms\Home\Controller\IndexController.class.php 第 43 行.
NOTIC: [8] Undefined variable: value F:\w\pms\Home\Controller\IndexController.class.php 第 44 行.
NOTIC: [8] Undefined variable: value F:\w\pms\Home\Controller\IndexController.class.php 第 42 行.
NOTIC: [8] Undefined index:  F:\w\pms\Home\Controller\IndexController.class.php 第 42 行.
NOTIC: [8] Undefined variable: value F:\w\pms\Home\Controller\IndexController.class.php 第 43 行.
NOTIC: [8] Undefined index:  F:\w\pms\Home\Controller\IndexController.class.php 第 43 行.
NOTIC: [8] Undefined variable: value F:\w\pms\Home\Controller\IndexController.class.php 第 44 行.
NOTIC: [8] Undefined variable: value F:\w\pms\Home\Controller\IndexController.class.php 第 42 行.
NOTIC: [8] Undefined index:  F:\w\pms\Home\Controller\IndexController.class.php 第 42 行.
NOTIC: [8] Undefined variable: value F:\w\pms\Home\Controller\IndexController.class.php 第 43 行.
NOTIC: [8] Undefined index:  F:\w\pms\Home\Controller\IndexController.class.php 第 43 行.
NOTIC: [8] Undefined variable: value F:\w\pms\Home\Controller\IndexController.class.php 第 44 行.
NOTIC: [8] Undefined variable: value F:\w\pms\Home\Controller\IndexController.class.php 第 42 行.
NOTIC: [8] Undefined index:  F:\w\pms\Home\Controller\IndexController.class.php 第 42 行.
NOTIC: [8] Undefined variable: value F:\w\pms\Home\Controller\IndexController.class.php 第 43 行.
NOTIC: [8] Undefined index:  F:\w\pms\Home\Controller\IndexController.class.php 第 43 行.
NOTIC: [8] Undefined variable: value F:\w\pms\Home\Controller\IndexController.class.php 第 44 行.
NOTIC: [8] Undefined variable: value F:\w\pms\Home\Controller\IndexController.class.php 第 42 行.
NOTIC: [8] Undefined index:  F:\w\pms\Home\Controller\IndexController.class.php 第 42 行.
NOTIC: [8] Undefined variable: value F:\w\pms\Home\Controller\IndexController.class.php 第 43 行.
NOTIC: [8] Undefined index:  F:\w\pms\Home\Controller\IndexController.class.php 第 43 行.
NOTIC: [8] Undefined variable: value F:\w\pms\Home\Controller\IndexController.class.php 第 44 行.
NOTIC: [8] Undefined variable: value F:\w\pms\Home\Controller\IndexController.class.php 第 42 行.
NOTIC: [8] Undefined index:  F:\w\pms\Home\Controller\IndexController.class.php 第 42 行.
NOTIC: [8] Undefined variable: value F:\w\pms\Home\Controller\IndexController.class.php 第 43 行.
NOTIC: [8] Undefined index:  F:\w\pms\Home\Controller\IndexController.class.php 第 43 行.
NOTIC: [8] Undefined variable: value F:\w\pms\Home\Controller\IndexController.class.php 第 44 行.
NOTIC: [8] Undefined variable: value F:\w\pms\Home\Controller\IndexController.class.php 第 42 行.
NOTIC: [8] Undefined index:  F:\w\pms\Home\Controller\IndexController.class.php 第 42 行.
NOTIC: [8] Undefined variable: value F:\w\pms\Home\Controller\IndexController.class.php 第 43 行.
NOTIC: [8] Undefined index:  F:\w\pms\Home\Controller\IndexController.class.php 第 43 行.
NOTIC: [8] Undefined variable: value F:\w\pms\Home\Controller\IndexController.class.php 第 44 行.
NOTIC: [8] Undefined variable: value F:\w\pms\Home\Controller\IndexController.class.php 第 42 行.
NOTIC: [8] Undefined index:  F:\w\pms\Home\Controller\IndexController.class.php 第 42 行.
NOTIC: [8] Undefined variable: value F:\w\pms\Home\Controller\IndexController.class.php 第 43 行.
NOTIC: [8] Undefined index:  F:\w\pms\Home\Controller\IndexController.class.php 第 43 行.
NOTIC: [8] Undefined variable: value F:\w\pms\Home\Controller\IndexController.class.php 第 44 行.
NOTIC: [8] Undefined variable: value F:\w\pms\Home\Controller\IndexController.class.php 第 42 行.
NOTIC: [8] Undefined index:  F:\w\pms\Home\Controller\IndexController.class.php 第 42 行.
NOTIC: [8] Undefined variable: value F:\w\pms\Home\Controller\IndexController.class.php 第 43 行.
NOTIC: [8] Undefined index:  F:\w\pms\Home\Controller\IndexController.class.php 第 43 行.
NOTIC: [8] Undefined variable: value F:\w\pms\Home\Controller\IndexController.class.php 第 44 行.
NOTIC: [8] Undefined variable: value F:\w\pms\Home\Controller\IndexController.class.php 第 42 行.
NOTIC: [8] Undefined index:  F:\w\pms\Home\Controller\IndexController.class.php 第 42 行.
NOTIC: [8] Undefined variable: value F:\w\pms\Home\Controller\IndexController.class.php 第 43 行.
NOTIC: [8] Undefined index:  F:\w\pms\Home\Controller\IndexController.class.php 第 43 行.
NOTIC: [8] Undefined variable: value F:\w\pms\Home\Controller\IndexController.class.php 第 44 行.
NOTIC: [8] Undefined variable: value F:\w\pms\Home\Controller\IndexController.class.php 第 42 行.
NOTIC: [8] Undefined index:  F:\w\pms\Home\Controller\IndexController.class.php 第 42 行.
NOTIC: [8] Undefined variable: value F:\w\pms\Home\Controller\IndexController.class.php 第 43 行.
NOTIC: [8] Undefined index:  F:\w\pms\Home\Controller\IndexController.class.php 第 43 行.
NOTIC: [8] Undefined variable: value F:\w\pms\Home\Controller\IndexController.class.php 第 44 行.
NOTIC: [8] Undefined variable: value F:\w\pms\Home\Controller\IndexController.class.php 第 42 行.
NOTIC: [8] Undefined index:  F:\w\pms\Home\Controller\IndexController.class.php 第 42 行.
NOTIC: [8] Undefined variable: value F:\w\pms\Home\Controller\IndexController.class.php 第 43 行.
NOTIC: [8] Undefined index:  F:\w\pms\Home\Controller\IndexController.class.php 第 43 行.
NOTIC: [8] Undefined variable: value F:\w\pms\Home\Controller\IndexController.class.php 第 44 行.
NOTIC: [8] Undefined variable: value F:\w\pms\Home\Controller\IndexController.class.php 第 42 行.
NOTIC: [8] Undefined index:  F:\w\pms\Home\Controller\IndexController.class.php 第 42 行.
NOTIC: [8] Undefined variable: value F:\w\pms\Home\Controller\IndexController.class.php 第 43 行.
NOTIC: [8] Undefined index:  F:\w\pms\Home\Controller\IndexController.class.php 第 43 行.
NOTIC: [8] Undefined variable: value F:\w\pms\Home\Controller\IndexController.class.php 第 44 行.
NOTIC: [8] Undefined variable: value F:\w\pms\Home\Controller\IndexController.class.php 第 42 行.
NOTIC: [8] Undefined index:  F:\w\pms\Home\Controller\IndexController.class.php 第 42 行.
NOTIC: [8] Undefined variable: value F:\w\pms\Home\Controller\IndexController.class.php 第 43 行.
NOTIC: [8] Undefined index:  F:\w\pms\Home\Controller\IndexController.class.php 第 43 行.
NOTIC: [8] Undefined variable: value F:\w\pms\Home\Controller\IndexController.class.php 第 44 行.
NOTIC: [8] Undefined variable: value F:\w\pms\Home\Controller\IndexController.class.php 第 42 行.
NOTIC: [8] Undefined index:  F:\w\pms\Home\Controller\IndexController.class.php 第 42 行.
NOTIC: [8] Undefined variable: value F:\w\pms\Home\Controller\IndexController.class.php 第 43 行.
NOTIC: [8] Undefined index:  F:\w\pms\Home\Controller\IndexController.class.php 第 43 行.
NOTIC: [8] Undefined variable: value F:\w\pms\Home\Controller\IndexController.class.php 第 44 行.
NOTIC: [8] Undefined variable: value F:\w\pms\Home\Controller\IndexController.class.php 第 42 行.
NOTIC: [8] Undefined index:  F:\w\pms\Home\Controller\IndexController.class.php 第 42 行.
NOTIC: [8] Undefined variable: value F:\w\pms\Home\Controller\IndexController.class.php 第 43 行.
NOTIC: [8] Undefined index:  F:\w\pms\Home\Controller\IndexController.class.php 第 43 行.
NOTIC: [8] Undefined variable: value F:\w\pms\Home\Controller\IndexController.class.php 第 44 行.
NOTIC: [8] Undefined variable: value F:\w\pms\Home\Controller\IndexController.class.php 第 42 行.
NOTIC: [8] Undefined index:  F:\w\pms\Home\Controller\IndexController.class.php 第 42 行.
NOTIC: [8] Undefined variable: value F:\w\pms\Home\Controller\IndexController.class.php 第 43 行.
NOTIC: [8] Undefined index:  F:\w\pms\Home\Controller\IndexController.class.php 第 43 行.
NOTIC: [8] Undefined variable: value F:\w\pms\Home\Controller\IndexController.class.php 第 44 行.
NOTIC: [8] Undefined variable: value F:\w\pms\Home\Controller\IndexController.class.php 第 42 行.
NOTIC: [8] Undefined index:  F:\w\pms\Home\Controller\IndexController.class.php 第 42 行.
NOTIC: [8] Undefined variable: value F:\w\pms\Home\Controller\IndexController.class.php 第 43 行.
NOTIC: [8] Undefined index:  F:\w\pms\Home\Controller\IndexController.class.php 第 43 行.
NOTIC: [8] Undefined variable: value F:\w\pms\Home\Controller\IndexController.class.php 第 44 行.
NOTIC: [8] Undefined variable: value F:\w\pms\Home\Controller\IndexController.class.php 第 42 行.
NOTIC: [8] Undefined index:  F:\w\pms\Home\Controller\IndexController.class.php 第 42 行.
NOTIC: [8] Undefined variable: value F:\w\pms\Home\Controller\IndexController.class.php 第 43 行.
NOTIC: [8] Undefined index:  F:\w\pms\Home\Controller\IndexController.class.php 第 43 行.
NOTIC: [8] Undefined variable: value F:\w\pms\Home\Controller\IndexController.class.php 第 44 行.
NOTIC: [8] Undefined variable: value F:\w\pms\Home\Controller\IndexController.class.php 第 42 行.
NOTIC: [8] Undefined index:  F:\w\pms\Home\Controller\IndexController.class.php 第 42 行.
NOTIC: [8] Undefined variable: value F:\w\pms\Home\Controller\IndexController.class.php 第 43 行.
NOTIC: [8] Undefined index:  F:\w\pms\Home\Controller\IndexController.class.php 第 43 行.
NOTIC: [8] Undefined variable: value F:\w\pms\Home\Controller\IndexController.class.php 第 44 行.
NOTIC: [8] Undefined variable: value F:\w\pms\Home\Controller\IndexController.class.php 第 42 行.
NOTIC: [8] Undefined index:  F:\w\pms\Home\Controller\IndexController.class.php 第 42 行.
NOTIC: [8] Undefined variable: value F:\w\pms\Home\Controller\IndexController.class.php 第 43 行.
NOTIC: [8] Undefined index:  F:\w\pms\Home\Controller\IndexController.class.php 第 43 行.
NOTIC: [8] Undefined variable: value F:\w\pms\Home\Controller\IndexController.class.php 第 44 行.
INFO: [ app_end ] --START--
INFO: Run Behavior\ShowPageTraceBehavior [ RunTime:0.000000s ]
INFO: [ app_end ] --END-- [ RunTime:0.000000s ]

[ 2015-08-05T17:59:11+08:00 ] ::1 /index/education
INFO: [ app_init ] --START--
INFO: Run Behavior\BuildLiteBehavior [ RunTime:0.000000s ]
INFO: [ app_init ] --END-- [ RunTime:0.000000s ]
INFO: [ app_begin ] --START--
INFO: Run Behavior\ReadHtmlCacheBehavior [ RunTime:0.000000s ]
INFO: [ app_begin ] --END-- [ RunTime:0.000000s ]
SQL: SHOW COLUMNS FROM `pms_education` [ RunTime:0.0000s ]
SQL: SELECT pms_people.post_level,pms_education.edu_level,count(1) count FROM `pms_education` INNER JOIN pms_people on pms_people.pid = pms_education.pid  GROUP BY pms_people.post_level,pms_education.edu_level ORDER BY pms_people.post_level desc,pms_education.edu_level desc  [ RunTime:0.0156s ]
NOTIC: [8] Undefined variable: value F:\w\pms\Home\Controller\IndexController.class.php 第 42 行.
NOTIC: [8] Undefined index:  F:\w\pms\Home\Controller\IndexController.class.php 第 42 行.
NOTIC: [8] Undefined variable: value F:\w\pms\Home\Controller\IndexController.class.php 第 44 行.
NOTIC: [8] Undefined index:  F:\w\pms\Home\Controller\IndexController.class.php 第 44 行.
NOTIC: [8] Undefined variable: value F:\w\pms\Home\Controller\IndexController.class.php 第 46 行.
NOTIC: [8] Undefined variable: value F:\w\pms\Home\Controller\IndexController.class.php 第 42 行.
NOTIC: [8] Undefined index:  F:\w\pms\Home\Controller\IndexController.class.php 第 42 行.
NOTIC: [8] Undefined variable: value F:\w\pms\Home\Controller\IndexController.class.php 第 44 行.
NOTIC: [8] Undefined index:  F:\w\pms\Home\Controller\IndexController.class.php 第 44 行.
NOTIC: [8] Undefined variable: value F:\w\pms\Home\Controller\IndexController.class.php 第 46 行.
NOTIC: [8] Undefined variable: value F:\w\pms\Home\Controller\IndexController.class.php 第 42 行.
NOTIC: [8] Undefined index:  F:\w\pms\Home\Controller\IndexController.class.php 第 42 行.
NOTIC: [8] Undefined variable: value F:\w\pms\Home\Controller\IndexController.class.php 第 44 行.
NOTIC: [8] Undefined index:  F:\w\pms\Home\Controller\IndexController.class.php 第 44 行.
NOTIC: [8] Undefined variable: value F:\w\pms\Home\Controller\IndexController.class.php 第 46 行.
NOTIC: [8] Undefined variable: value F:\w\pms\Home\Controller\IndexController.class.php 第 42 行.
NOTIC: [8] Undefined index:  F:\w\pms\Home\Controller\IndexController.class.php 第 42 行.
NOTIC: [8] Undefined variable: value F:\w\pms\Home\Controller\IndexController.class.php 第 44 行.
NOTIC: [8] Undefined index:  F:\w\pms\Home\Controller\IndexController.class.php 第 44 行.
NOTIC: [8] Undefined variable: value F:\w\pms\Home\Controller\IndexController.class.php 第 46 行.
NOTIC: [8] Undefined variable: value F:\w\pms\Home\Controller\IndexController.class.php 第 42 行.
NOTIC: [8] Undefined index:  F:\w\pms\Home\Controller\IndexController.class.php 第 42 行.
NOTIC: [8] Undefined variable: value F:\w\pms\Home\Controller\IndexController.class.php 第 44 行.
NOTIC: [8] Undefined index:  F:\w\pms\Home\Controller\IndexController.class.php 第 44 行.
NOTIC: [8] Undefined variable: value F:\w\pms\Home\Controller\IndexController.class.php 第 46 行.
NOTIC: [8] Undefined variable: value F:\w\pms\Home\Controller\IndexController.class.php 第 42 行.
NOTIC: [8] Undefined index:  F:\w\pms\Home\Controller\IndexController.class.php 第 42 行.
NOTIC: [8] Undefined variable: value F:\w\pms\Home\Controller\IndexController.class.php 第 44 行.
NOTIC: [8] Undefined index:  F:\w\pms\Home\Controller\IndexController.class.php 第 44 行.
NOTIC: [8] Undefined variable: value F:\w\pms\Home\Controller\IndexController.class.php 第 46 行.
NOTIC: [8] Undefined variable: value F:\w\pms\Home\Controller\IndexController.class.php 第 42 行.
NOTIC: [8] Undefined index:  F:\w\pms\Home\Controller\IndexController.class.php 第 42 行.
NOTIC: [8] Undefined variable: value F:\w\pms\Home\Controller\IndexController.class.php 第 44 行.
NOTIC: [8] Undefined index:  F:\w\pms\Home\Controller\IndexController.class.php 第 44 行.
NOTIC: [8] Undefined variable: value F:\w\pms\Home\Controller\IndexController.class.php 第 46 行.
NOTIC: [8] Undefined variable: value F:\w\pms\Home\Controller\IndexController.class.php 第 42 行.
NOTIC: [8] Undefined index:  F:\w\pms\Home\Controller\IndexController.class.php 第 42 行.
NOTIC: [8] Undefined variable: value F:\w\pms\Home\Controller\IndexController.class.php 第 44 行.
NOTIC: [8] Undefined index:  F:\w\pms\Home\Controller\IndexController.class.php 第 44 行.
NOTIC: [8] Undefined variable: value F:\w\pms\Home\Controller\IndexController.class.php 第 46 行.
NOTIC: [8] Undefined variable: value F:\w\pms\Home\Controller\IndexController.class.php 第 42 行.
NOTIC: [8] Undefined index:  F:\w\pms\Home\Controller\IndexController.class.php 第 42 行.
NOTIC: [8] Undefined variable: value F:\w\pms\Home\Controller\IndexController.class.php 第 44 行.
NOTIC: [8] Undefined index:  F:\w\pms\Home\Controller\IndexController.class.php 第 44 行.
NOTIC: [8] Undefined variable: value F:\w\pms\Home\Controller\IndexController.class.php 第 46 行.
NOTIC: [8] Undefined variable: value F:\w\pms\Home\Controller\IndexController.class.php 第 42 行.
NOTIC: [8] Undefined index:  F:\w\pms\Home\Controller\IndexController.class.php 第 42 行.
NOTIC: [8] Undefined variable: value F:\w\pms\Home\Controller\IndexController.class.php 第 44 行.
NOTIC: [8] Undefined index:  F:\w\pms\Home\Controller\IndexController.class.php 第 44 行.
NOTIC: [8] Undefined variable: value F:\w\pms\Home\Controller\IndexController.class.php 第 46 行.
NOTIC: [8] Undefined variable: value F:\w\pms\Home\Controller\IndexController.class.php 第 42 行.
NOTIC: [8] Undefined index:  F:\w\pms\Home\Controller\IndexController.class.php 第 42 行.
NOTIC: [8] Undefined variable: value F:\w\pms\Home\Controller\IndexController.class.php 第 44 行.
NOTIC: [8] Undefined index:  F:\w\pms\Home\Controller\IndexController.class.php 第 44 行.
NOTIC: [8] Undefined variable: value F:\w\pms\Home\Controller\IndexController.class.php 第 46 行.
NOTIC: [8] Undefined variable: value F:\w\pms\Home\Controller\IndexController.class.php 第 42 行.
NOTIC: [8] Undefined index:  F:\w\pms\Home\Controller\IndexController.class.php 第 42 行.
NOTIC: [8] Undefined variable: value F:\w\pms\Home\Controller\IndexController.class.php 第 44 行.
NOTIC: [8] Undefined index:  F:\w\pms\Home\Controller\IndexController.class.php 第 44 行.
NOTIC: [8] Undefined variable: value F:\w\pms\Home\Controller\IndexController.class.php 第 46 行.
NOTIC: [8] Undefined variable: value F:\w\pms\Home\Controller\IndexController.class.php 第 42 行.
NOTIC: [8] Undefined index:  F:\w\pms\Home\Controller\IndexController.class.php 第 42 行.
NOTIC: [8] Undefined variable: value F:\w\pms\Home\Controller\IndexController.class.php 第 44 行.
NOTIC: [8] Undefined index:  F:\w\pms\Home\Controller\IndexController.class.php 第 44 行.
NOTIC: [8] Undefined variable: value F:\w\pms\Home\Controller\IndexController.class.php 第 46 行.
NOTIC: [8] Undefined variable: value F:\w\pms\Home\Controller\IndexController.class.php 第 42 行.
NOTIC: [8] Undefined index:  F:\w\pms\Home\Controller\IndexController.class.php 第 42 行.
NOTIC: [8] Undefined variable: value F:\w\pms\Home\Controller\IndexController.class.php 第 44 行.
NOTIC: [8] Undefined index:  F:\w\pms\Home\Controller\IndexController.class.php 第 44 行.
NOTIC: [8] Undefined variable: value F:\w\pms\Home\Controller\IndexController.class.php 第 46 行.
NOTIC: [8] Undefined variable: value F:\w\pms\Home\Controller\IndexController.class.php 第 42 行.
NOTIC: [8] Undefined index:  F:\w\pms\Home\Controller\IndexController.class.php 第 42 行.
NOTIC: [8] Undefined variable: value F:\w\pms\Home\Controller\IndexController.class.php 第 44 行.
NOTIC: [8] Undefined index:  F:\w\pms\Home\Controller\IndexController.class.php 第 44 行.
NOTIC: [8] Undefined variable: value F:\w\pms\Home\Controller\IndexController.class.php 第 46 行.
NOTIC: [8] Undefined variable: value F:\w\pms\Home\Controller\IndexController.class.php 第 42 行.
NOTIC: [8] Undefined index:  F:\w\pms\Home\Controller\IndexController.class.php 第 42 行.
NOTIC: [8] Undefined variable: value F:\w\pms\Home\Controller\IndexController.class.php 第 44 行.
NOTIC: [8] Undefined index:  F:\w\pms\Home\Controller\IndexController.class.php 第 44 行.
NOTIC: [8] Undefined variable: value F:\w\pms\Home\Controller\IndexController.class.php 第 46 行.
NOTIC: [8] Undefined variable: value F:\w\pms\Home\Controller\IndexController.class.php 第 42 行.
NOTIC: [8] Undefined index:  F:\w\pms\Home\Controller\IndexController.class.php 第 42 行.
NOTIC: [8] Undefined variable: value F:\w\pms\Home\Controller\IndexController.class.php 第 44 行.
NOTIC: [8] Undefined index:  F:\w\pms\Home\Controller\IndexController.class.php 第 44 行.
NOTIC: [8] Undefined variable: value F:\w\pms\Home\Controller\IndexController.class.php 第 46 行.
NOTIC: [8] Undefined variable: value F:\w\pms\Home\Controller\IndexController.class.php 第 42 行.
NOTIC: [8] Undefined index:  F:\w\pms\Home\Controller\IndexController.class.php 第 42 行.
NOTIC: [8] Undefined variable: value F:\w\pms\Home\Controller\IndexController.class.php 第 44 行.
NOTIC: [8] Undefined index:  F:\w\pms\Home\Controller\IndexController.class.php 第 44 行.
NOTIC: [8] Undefined variable: value F:\w\pms\Home\Controller\IndexController.class.php 第 46 行.
NOTIC: [8] Undefined variable: value F:\w\pms\Home\Controller\IndexController.class.php 第 42 行.
NOTIC: [8] Undefined index:  F:\w\pms\Home\Controller\IndexController.class.php 第 42 行.
NOTIC: [8] Undefined variable: value F:\w\pms\Home\Controller\IndexController.class.php 第 44 行.
NOTIC: [8] Undefined index:  F:\w\pms\Home\Controller\IndexController.class.php 第 44 行.
NOTIC: [8] Undefined variable: value F:\w\pms\Home\Controller\IndexController.class.php 第 46 行.
NOTIC: [8] Undefined variable: value F:\w\pms\Home\Controller\IndexController.class.php 第 42 行.
NOTIC: [8] Undefined index:  F:\w\pms\Home\Controller\IndexController.class.php 第 42 行.
NOTIC: [8] Undefined variable: value F:\w\pms\Home\Controller\IndexController.class.php 第 44 行.
NOTIC: [8] Undefined index:  F:\w\pms\Home\Controller\IndexController.class.php 第 44 行.
NOTIC: [8] Undefined variable: value F:\w\pms\Home\Controller\IndexController.class.php 第 46 行.
NOTIC: [8] Undefined variable: value F:\w\pms\Home\Controller\IndexController.class.php 第 42 行.
NOTIC: [8] Undefined index:  F:\w\pms\Home\Controller\IndexController.class.php 第 42 行.
NOTIC: [8] Undefined variable: value F:\w\pms\Home\Controller\IndexController.class.php 第 44 行.
NOTIC: [8] Undefined index:  F:\w\pms\Home\Controller\IndexController.class.php 第 44 行.
NOTIC: [8] Undefined variable: value F:\w\pms\Home\Controller\IndexController.class.php 第 46 行.
NOTIC: [8] Undefined variable: value F:\w\pms\Home\Controller\IndexController.class.php 第 42 行.
NOTIC: [8] Undefined index:  F:\w\pms\Home\Controller\IndexController.class.php 第 42 行.
NOTIC: [8] Undefined variable: value F:\w\pms\Home\Controller\IndexController.class.php 第 44 行.
NOTIC: [8] Undefined index:  F:\w\pms\Home\Controller\IndexController.class.php 第 44 行.
NOTIC: [8] Undefined variable: value F:\w\pms\Home\Controller\IndexController.class.php 第 46 行.
NOTIC: [8] Undefined variable: value F:\w\pms\Home\Controller\IndexController.class.php 第 42 行.
NOTIC: [8] Undefined index:  F:\w\pms\Home\Controller\IndexController.class.php 第 42 行.
NOTIC: [8] Undefined variable: value F:\w\pms\Home\Controller\IndexController.class.php 第 44 行.
NOTIC: [8] Undefined index:  F:\w\pms\Home\Controller\IndexController.class.php 第 44 行.
NOTIC: [8] Undefined variable: value F:\w\pms\Home\Controller\IndexController.class.php 第 46 行.
NOTIC: [8] Undefined variable: value F:\w\pms\Home\Controller\IndexController.class.php 第 42 行.
NOTIC: [8] Undefined index:  F:\w\pms\Home\Controller\IndexController.class.php 第 42 行.
NOTIC: [8] Undefined variable: value F:\w\pms\Home\Controller\IndexController.class.php 第 44 行.
NOTIC: [8] Undefined index:  F:\w\pms\Home\Controller\IndexController.class.php 第 44 行.
NOTIC: [8] Undefined variable: value F:\w\pms\Home\Controller\IndexController.class.php 第 46 行.
NOTIC: [8] Undefined variable: value F:\w\pms\Home\Controller\IndexController.class.php 第 42 行.
NOTIC: [8] Undefined index:  F:\w\pms\Home\Controller\IndexController.class.php 第 42 行.
NOTIC: [8] Undefined variable: value F:\w\pms\Home\Controller\IndexController.class.php 第 44 行.
NOTIC: [8] Undefined index:  F:\w\pms\Home\Controller\IndexController.class.php 第 44 行.
NOTIC: [8] Undefined variable: value F:\w\pms\Home\Controller\IndexController.class.php 第 46 行.
INFO: [ app_end ] --START--
INFO: Run Behavior\ShowPageTraceBehavior [ RunTime:0.000000s ]
INFO: [ app_end ] --END-- [ RunTime:0.000000s ]

[ 2015-08-05T17:59:44+08:00 ] ::1 /index/education
INFO: [ app_init ] --START--
INFO: Run Behavior\BuildLiteBehavior [ RunTime:0.000000s ]
INFO: [ app_init ] --END-- [ RunTime:0.000000s ]
INFO: [ app_begin ] --START--
INFO: Run Behavior\ReadHtmlCacheBehavior [ RunTime:0.000000s ]
INFO: [ app_begin ] --END-- [ RunTime:0.015625s ]
SQL: SHOW COLUMNS FROM `pms_education` [ RunTime:0.0000s ]
SQL: SELECT pms_people.post_level,pms_education.edu_level,count(1) count FROM `pms_education` INNER JOIN pms_people on pms_people.pid = pms_education.pid  GROUP BY pms_people.post_level,pms_education.edu_level ORDER BY pms_people.post_level desc,pms_education.edu_level desc  [ RunTime:0.0156s ]
NOTIC: [8] Undefined index: post.level F:\w\pms\Home\Controller\IndexController.class.php 第 42 行.
NOTIC: [8] Undefined index:  F:\w\pms\Home\Controller\IndexController.class.php 第 42 行.
NOTIC: [8] Undefined index: post.level F:\w\pms\Home\Controller\IndexController.class.php 第 42 行.
NOTIC: [8] Undefined index:  F:\w\pms\Home\Controller\IndexController.class.php 第 42 行.
NOTIC: [8] Undefined index: post.level F:\w\pms\Home\Controller\IndexController.class.php 第 42 行.
NOTIC: [8] Undefined index:  F:\w\pms\Home\Controller\IndexController.class.php 第 42 行.
NOTIC: [8] Undefined index: post.level F:\w\pms\Home\Controller\IndexController.class.php 第 42 行.
NOTIC: [8] Undefined index:  F:\w\pms\Home\Controller\IndexController.class.php 第 42 行.
NOTIC: [8] Undefined index: post.level F:\w\pms\Home\Controller\IndexController.class.php 第 42 行.
NOTIC: [8] Undefined index:  F:\w\pms\Home\Controller\IndexController.class.php 第 42 行.
NOTIC: [8] Undefined index: post.level F:\w\pms\Home\Controller\IndexController.class.php 第 42 行.
NOTIC: [8] Undefined index:  F:\w\pms\Home\Controller\IndexController.class.php 第 42 行.
NOTIC: [8] Undefined index: post.level F:\w\pms\Home\Controller\IndexController.class.php 第 42 行.
NOTIC: [8] Undefined index:  F:\w\pms\Home\Controller\IndexController.class.php 第 42 行.
NOTIC: [8] Undefined index: post.level F:\w\pms\Home\Controller\IndexController.class.php 第 42 行.
NOTIC: [8] Undefined index:  F:\w\pms\Home\Controller\IndexController.class.php 第 42 行.
NOTIC: [8] Undefined index: post.level F:\w\pms\Home\Controller\IndexController.class.php 第 42 行.
NOTIC: [8] Undefined index:  F:\w\pms\Home\Controller\IndexController.class.php 第 42 行.
NOTIC: [8] Undefined index: post.level F:\w\pms\Home\Controller\IndexController.class.php 第 42 行.
NOTIC: [8] Undefined index:  F:\w\pms\Home\Controller\IndexController.class.php 第 42 行.
NOTIC: [8] Undefined index: post.level F:\w\pms\Home\Controller\IndexController.class.php 第 42 行.
NOTIC: [8] Undefined index:  F:\w\pms\Home\Controller\IndexController.class.php 第 42 行.
NOTIC: [8] Undefined index: post.level F:\w\pms\Home\Controller\IndexController.class.php 第 42 行.
NOTIC: [8] Undefined index:  F:\w\pms\Home\Controller\IndexController.class.php 第 42 行.
NOTIC: [8] Undefined index: post.level F:\w\pms\Home\Controller\IndexController.class.php 第 42 行.
NOTIC: [8] Undefined index:  F:\w\pms\Home\Controller\IndexController.class.php 第 42 行.
NOTIC: [8] Undefined index: post.level F:\w\pms\Home\Controller\IndexController.class.php 第 42 行.
NOTIC: [8] Undefined index:  F:\w\pms\Home\Controller\IndexController.class.php 第 42 行.
NOTIC: [8] Undefined index: post.level F:\w\pms\Home\Controller\IndexController.class.php 第 42 行.
NOTIC: [8] Undefined index:  F:\w\pms\Home\Controller\IndexController.class.php 第 42 行.
NOTIC: [8] Undefined index: post.level F:\w\pms\Home\Controller\IndexController.class.php 第 42 行.
NOTIC: [8] Undefined index:  F:\w\pms\Home\Controller\IndexController.class.php 第 42 行.
NOTIC: [8] Undefined index: post.level F:\w\pms\Home\Controller\IndexController.class.php 第 42 行.
NOTIC: [8] Undefined index:  F:\w\pms\Home\Controller\IndexController.class.php 第 42 行.
NOTIC: [8] Undefined index: post.level F:\w\pms\Home\Controller\IndexController.class.php 第 42 行.
NOTIC: [8] Undefined index:  F:\w\pms\Home\Controller\IndexController.class.php 第 42 行.
NOTIC: [8] Undefined index: post.level F:\w\pms\Home\Controller\IndexController.class.php 第 42 行.
NOTIC: [8] Undefined index:  F:\w\pms\Home\Controller\IndexController.class.php 第 42 行.
NOTIC: [8] Undefined index: post.level F:\w\pms\Home\Controller\IndexController.class.php 第 42 行.
NOTIC: [8] Undefined index:  F:\w\pms\Home\Controller\IndexController.class.php 第 42 行.
NOTIC: [8] Undefined index: post.level F:\w\pms\Home\Controller\IndexController.class.php 第 42 行.
NOTIC: [8] Undefined index:  F:\w\pms\Home\Controller\IndexController.class.php 第 42 行.
NOTIC: [8] Undefined index: post.level F:\w\pms\Home\Controller\IndexController.class.php 第 42 行.
NOTIC: [8] Undefined index:  F:\w\pms\Home\Controller\IndexController.class.php 第 42 行.
NOTIC: [8] Undefined index: post.level F:\w\pms\Home\Controller\IndexController.class.php 第 42 行.
NOTIC: [8] Undefined index:  F:\w\pms\Home\Controller\IndexController.class.php 第 42 行.
NOTIC: [8] Undefined index: post.level F:\w\pms\Home\Controller\IndexController.class.php 第 42 行.
NOTIC: [8] Undefined index:  F:\w\pms\Home\Controller\IndexController.class.php 第 42 行.
NOTIC: [8] Undefined index: post.level F:\w\pms\Home\Controller\IndexController.class.php 第 42 行.
NOTIC: [8] Undefined index:  F:\w\pms\Home\Controller\IndexController.class.php 第 42 行.
INFO: [ app_end ] --START--
INFO: Run Behavior\ShowPageTraceBehavior [ RunTime:0.000000s ]
INFO: [ app_end ] --END-- [ RunTime:0.000000s ]

[ 2015-08-05T18:00:29+08:00 ] ::1 /index/education
INFO: [ app_init ] --START--
INFO: Run Behavior\BuildLiteBehavior [ RunTime:0.000000s ]
INFO: [ app_init ] --END-- [ RunTime:0.000000s ]
INFO: [ app_begin ] --START--
INFO: Run Behavior\ReadHtmlCacheBehavior [ RunTime:0.000000s ]
INFO: [ app_begin ] --END-- [ RunTime:0.000000s ]
SQL: SHOW COLUMNS FROM `pms_education` [ RunTime:0.0000s ]
SQL: SELECT pms_people.post_level,pms_education.edu_level,count(1) count FROM `pms_education` INNER JOIN pms_people on pms_people.pid = pms_education.pid  GROUP BY pms_people.post_level,pms_education.edu_level ORDER BY pms_people.post_level desc,pms_education.edu_level desc  [ RunTime:0.0156s ]
NOTIC: [8] Undefined index: post.level F:\w\pms\Home\Controller\IndexController.class.php 第 42 行.
NOTIC: [8] Undefined index:  F:\w\pms\Home\Controller\IndexController.class.php 第 42 行.
NOTIC: [8] Undefined index: post.level F:\w\pms\Home\Controller\IndexController.class.php 第 42 行.
NOTIC: [8] Undefined index:  F:\w\pms\Home\Controller\IndexController.class.php 第 42 行.
NOTIC: [8] Undefined index: post.level F:\w\pms\Home\Controller\IndexController.class.php 第 42 行.
NOTIC: [8] Undefined index:  F:\w\pms\Home\Controller\IndexController.class.php 第 42 行.
NOTIC: [8] Undefined index: post.level F:\w\pms\Home\Controller\IndexController.class.php 第 42 行.
NOTIC: [8] Undefined index:  F:\w\pms\Home\Controller\IndexController.class.php 第 42 行.
NOTIC: [8] Undefined index: post.level F:\w\pms\Home\Controller\IndexController.class.php 第 42 行.
NOTIC: [8] Undefined index:  F:\w\pms\Home\Controller\IndexController.class.php 第 42 行.
NOTIC: [8] Undefined index: post.level F:\w\pms\Home\Controller\IndexController.class.php 第 42 行.
NOTIC: [8] Undefined index:  F:\w\pms\Home\Controller\IndexController.class.php 第 42 行.
NOTIC: [8] Undefined index: post.level F:\w\pms\Home\Controller\IndexController.class.php 第 42 行.
NOTIC: [8] Undefined index:  F:\w\pms\Home\Controller\IndexController.class.php 第 42 行.
NOTIC: [8] Undefined index: post.level F:\w\pms\Home\Controller\IndexController.class.php 第 42 行.
NOTIC: [8] Undefined index:  F:\w\pms\Home\Controller\IndexController.class.php 第 42 行.
NOTIC: [8] Undefined index: post.level F:\w\pms\Home\Controller\IndexController.class.php 第 42 行.
NOTIC: [8] Undefined index:  F:\w\pms\Home\Controller\IndexController.class.php 第 42 行.
NOTIC: [8] Undefined index: post.level F:\w\pms\Home\Controller\IndexController.class.php 第 42 行.
NOTIC: [8] Undefined index:  F:\w\pms\Home\Controller\IndexController.class.php 第 42 行.
NOTIC: [8] Undefined index: post.level F:\w\pms\Home\Controller\IndexController.class.php 第 42 行.
NOTIC: [8] Undefined index:  F:\w\pms\Home\Controller\IndexController.class.php 第 42 行.
NOTIC: [8] Undefined index: post.level F:\w\pms\Home\Controller\IndexController.class.php 第 42 行.
NOTIC: [8] Undefined index:  F:\w\pms\Home\Controller\IndexController.class.php 第 42 行.
NOTIC: [8] Undefined index: post.level F:\w\pms\Home\Controller\IndexController.class.php 第 42 行.
NOTIC: [8] Undefined index:  F:\w\pms\Home\Controller\IndexController.class.php 第 42 行.
NOTIC: [8] Undefined index: post.level F:\w\pms\Home\Controller\IndexController.class.php 第 42 行.
NOTIC: [8] Undefined index:  F:\w\pms\Home\Controller\IndexController.class.php 第 42 行.
NOTIC: [8] Undefined index: post.level F:\w\pms\Home\Controller\IndexController.class.php 第 42 行.
NOTIC: [8] Undefined index:  F:\w\pms\Home\Controller\IndexController.class.php 第 42 行.
NOTIC: [8] Undefined index: post.level F:\w\pms\Home\Controller\IndexController.class.php 第 42 行.
NOTIC: [8] Undefined index:  F:\w\pms\Home\Controller\IndexController.class.php 第 42 行.
NOTIC: [8] Undefined index: post.level F:\w\pms\Home\Controller\IndexController.class.php 第 42 行.
NOTIC: [8] Undefined index:  F:\w\pms\Home\Controller\IndexController.class.php 第 42 行.
NOTIC: [8] Undefined index: post.level F:\w\pms\Home\Controller\IndexController.class.php 第 42 行.
NOTIC: [8] Undefined index:  F:\w\pms\Home\Controller\IndexController.class.php 第 42 行.
NOTIC: [8] Undefined index: post.level F:\w\pms\Home\Controller\IndexController.class.php 第 42 行.
NOTIC: [8] Undefined index:  F:\w\pms\Home\Controller\IndexController.class.php 第 42 行.
NOTIC: [8] Undefined index: post.level F:\w\pms\Home\Controller\IndexController.class.php 第 42 行.
NOTIC: [8] Undefined index:  F:\w\pms\Home\Controller\IndexController.class.php 第 42 行.
NOTIC: [8] Undefined index: post.level F:\w\pms\Home\Controller\IndexController.class.php 第 42 行.
NOTIC: [8] Undefined index:  F:\w\pms\Home\Controller\IndexController.class.php 第 42 行.
NOTIC: [8] Undefined index: post.level F:\w\pms\Home\Controller\IndexController.class.php 第 42 行.
NOTIC: [8] Undefined index:  F:\w\pms\Home\Controller\IndexController.class.php 第 42 行.
NOTIC: [8] Undefined index: post.level F:\w\pms\Home\Controller\IndexController.class.php 第 42 行.
NOTIC: [8] Undefined index:  F:\w\pms\Home\Controller\IndexController.class.php 第 42 行.
NOTIC: [8] Undefined index: post.level F:\w\pms\Home\Controller\IndexController.class.php 第 42 行.
NOTIC: [8] Undefined index:  F:\w\pms\Home\Controller\IndexController.class.php 第 42 行.
NOTIC: [8] Undefined index: post.level F:\w\pms\Home\Controller\IndexController.class.php 第 42 行.
NOTIC: [8] Undefined index:  F:\w\pms\Home\Controller\IndexController.class.php 第 42 行.
INFO: [ app_end ] --START--
INFO: Run Behavior\ShowPageTraceBehavior [ RunTime:0.015625s ]
INFO: [ app_end ] --END-- [ RunTime:0.015625s ]

[ 2015-08-05T18:00:54+08:00 ] ::1 /index/education
INFO: [ app_init ] --START--
INFO: Run Behavior\BuildLiteBehavior [ RunTime:0.000000s ]
INFO: [ app_init ] --END-- [ RunTime:0.000000s ]
INFO: [ app_begin ] --START--
INFO: Run Behavior\ReadHtmlCacheBehavior [ RunTime:0.000000s ]
INFO: [ app_begin ] --END-- [ RunTime:0.000000s ]
SQL: SHOW COLUMNS FROM `pms_education` [ RunTime:0.0156s ]
SQL: SELECT pms_people.post_level,pms_education.edu_level,count(1) count FROM `pms_education` INNER JOIN pms_people on pms_people.pid = pms_education.pid  GROUP BY pms_people.post_level,pms_education.edu_level ORDER BY pms_people.post_level desc,pms_education.edu_level desc  [ RunTime:0.0156s ]
INFO: [ app_end ] --START--
INFO: Run Behavior\ShowPageTraceBehavior [ RunTime:0.000000s ]
INFO: [ app_end ] --END-- [ RunTime:0.000000s ]

